<?xml version="1.0" encoding="UTF-8" ?>
<testsuite errors="0" failures="0" hostname="fit04.local" name="ElevatorSystem.Environment_ESTest" skipped="0" tests="14" time="0.038" timestamp="2021-02-06T11:10:38">
  <properties>
[...]
</properties>
  <testcase classname="ElevatorSystem.Environment_ESTest" name="test09" time="0.001" />
  <testcase classname="ElevatorSystem.Environment_ESTest" name="test08" time="0.0" />
  <testcase classname="ElevatorSystem.Environment_ESTest" name="test07" time="0.001" />
  <testcase classname="ElevatorSystem.Environment_ESTest" name="test06" time="0.001" />
  <testcase classname="ElevatorSystem.Environment_ESTest" name="test01" time="0.001" />
  <testcase classname="ElevatorSystem.Environment_ESTest" name="test12" time="0.001" />
  <testcase classname="ElevatorSystem.Environment_ESTest" name="test00" time="0.001" />
  <testcase classname="ElevatorSystem.Environment_ESTest" name="test11" time="0.0" />
  <testcase classname="ElevatorSystem.Environment_ESTest" name="test10" time="0.0" />
  <testcase classname="ElevatorSystem.Environment_ESTest" name="test05" time="0.002" />
  <testcase classname="ElevatorSystem.Environment_ESTest" name="test04" time="0.002" />
  <testcase classname="ElevatorSystem.Environment_ESTest" name="test03" time="0.0" />
  <testcase classname="ElevatorSystem.Environment_ESTest" name="test02" time="0.001" />
  <testcase classname="ElevatorSystem.Environment_ESTest" name="test13" time="0.001" />
  <system-out><![CDATA[18:10:38.594 [main] INFO  o.e.r.instrumentation.EvoClassLoader - Seeing class for first time: ElevatorSystem.Environment_ESTest
18:10:38.594 [main] INFO  o.e.r.instrumentation.EvoClassLoader - Instrumenting class 'ElevatorSystem.Environment_ESTest'.
18:10:38.595 [main] INFO  o.e.r.instrumentation.EvoClassLoader - Seeing class for first time: ElevatorSystem.Environment_ESTest_scaffolding
18:10:38.596 [main] INFO  o.e.r.instrumentation.EvoClassLoader - Instrumenting class 'ElevatorSystem.Environment_ESTest_scaffolding'.
18:10:38.597 [main] INFO  o.e.r.instrumentation.EvoClassLoader - Keeping class: ElevatorSystem.Environment_ESTest_scaffolding
18:10:38.597 [main] INFO  o.e.r.instrumentation.EvoClassLoader - Keeping class: ElevatorSystem.Environment_ESTest
18:10:38.603 [main] INFO  o.e.r.instrumentation.EvoClassLoader - Seeing class for first time: ElevatorSystem.Floor
18:10:38.603 [main] INFO  o.e.r.instrumentation.EvoClassLoader - Instrumenting class 'ElevatorSystem.Floor'.
18:10:38.603 [main] INFO  o.e.r.i.MethodCallReplacementClassAdapter - Adding mock interface to class ElevatorSystem/Floor
18:10:38.604 [main] INFO  o.e.r.i.CreateClassResetClassAdapter - Creating brand-new static initializer in class ElevatorSystem/Floor
18:10:38.604 [main] INFO  o.e.r.instrumentation.EvoClassLoader - Keeping class: ElevatorSystem.Floor
18:10:38.604 [main] INFO  o.e.r.instrumentation.EvoClassLoader - Seeing class for first time: ElevatorSystem.Person
18:10:38.604 [main] INFO  o.e.r.instrumentation.EvoClassLoader - Instrumenting class 'ElevatorSystem.Person'.
18:10:38.605 [main] INFO  o.e.r.i.MethodCallReplacementClassAdapter - Adding mock interface to class ElevatorSystem/Person
18:10:38.605 [main] INFO  o.e.r.i.CreateClassResetClassAdapter - Creating brand-new static initializer in class ElevatorSystem/Person
18:10:38.605 [main] INFO  o.e.r.instrumentation.EvoClassLoader - Keeping class: ElevatorSystem.Person
18:10:38.605 [main] INFO  o.e.r.instrumentation.EvoClassLoader - Seeing class for first time: ElevatorSystem.Elevator$Direction$2
18:10:38.605 [main] INFO  o.e.r.instrumentation.EvoClassLoader - Instrumenting class 'ElevatorSystem.Elevator$Direction$2'.
18:10:38.606 [main] INFO  o.e.r.i.MethodCallReplacementClassAdapter - Adding mock interface to class ElevatorSystem/Elevator$Direction$2
18:10:38.606 [main] INFO  o.e.r.instrumentation.EvoClassLoader - Seeing class for first time: ElevatorSystem.Elevator$Direction
18:10:38.606 [main] INFO  o.e.r.instrumentation.EvoClassLoader - Instrumenting class 'ElevatorSystem.Elevator$Direction'.
18:10:38.606 [main] INFO  o.e.r.i.MethodCallReplacementClassAdapter - Adding mock interface to class ElevatorSystem/Elevator$Direction
18:10:38.607 [main] INFO  o.e.r.i.CreateClassResetClassAdapter - Found static initializer in class ElevatorSystem/Elevator$Direction
18:10:38.607 [main] INFO  o.e.r.instrumentation.EvoClassLoader - Keeping class: ElevatorSystem.Elevator$Direction
18:10:38.607 [main] INFO  o.e.r.instrumentation.EvoClassLoader - Keeping class: ElevatorSystem.Elevator$Direction$2
18:10:38.607 [main] INFO  o.e.r.instrumentation.EvoClassLoader - Seeing class for first time: ElevatorSystem.Elevator$Direction$1
18:10:38.607 [main] INFO  o.e.r.instrumentation.EvoClassLoader - Instrumenting class 'ElevatorSystem.Elevator$Direction$1'.
18:10:38.607 [main] INFO  o.e.r.i.MethodCallReplacementClassAdapter - Adding mock interface to class ElevatorSystem/Elevator$Direction$1
18:10:38.608 [main] INFO  o.e.r.instrumentation.EvoClassLoader - Keeping class: ElevatorSystem.Elevator$Direction$1
18:10:38.608 [main] INFO  o.e.r.instrumentation.EvoClassLoader - Seeing class for first time: ElevatorSystem.Elevator
18:10:38.608 [main] INFO  o.e.r.instrumentation.EvoClassLoader - Instrumenting class 'ElevatorSystem.Elevator'.
18:10:38.608 [main] INFO  o.e.r.i.MethodCallReplacementClassAdapter - Adding mock interface to class ElevatorSystem/Elevator
18:10:38.610 [main] INFO  o.e.r.i.CreateClassResetClassAdapter - Creating brand-new static initializer in class ElevatorSystem/Elevator
18:10:38.611 [main] INFO  o.e.r.i.CreateClassResetClassAdapter - Adding bytecode for initializing field maximumWeight
18:10:38.611 [main] INFO  o.e.r.instrumentation.EvoClassLoader - Keeping class: ElevatorSystem.Elevator
18:10:38.611 [main] INFO  o.e.r.instrumentation.EvoClassLoader - Seeing class for first time: ElevatorSystem.Environment
18:10:38.611 [main] INFO  o.e.r.instrumentation.EvoClassLoader - Instrumenting class 'ElevatorSystem.Environment'.
18:10:38.612 [main] INFO  o.e.r.i.MethodCallReplacementClassAdapter - Adding mock interface to class ElevatorSystem/Environment
18:10:38.616 [main] INFO  o.e.r.i.CreateClassResetClassAdapter - Creating brand-new static initializer in class ElevatorSystem/Environment
18:10:38.616 [main] INFO  o.e.r.instrumentation.EvoClassLoader - Keeping class: ElevatorSystem.Environment
]]></system-out>
  <system-err><![CDATA[]]></system-err>
</testsuite>
