<?xml version="1.0" encoding="UTF-8" ?>
<testsuite errors="0" failures="0" hostname="fit04.local" name="main.PL_Interface_impl_ESTest" skipped="0" tests="28" time="0.098" timestamp="2021-02-06T11:10:38">
  <properties>
[...]
</properties>
  <testcase classname="main.PL_Interface_impl_ESTest" name="test05" time="0.007" />
  <testcase classname="main.PL_Interface_impl_ESTest" name="test27" time="0.003" />
  <testcase classname="main.PL_Interface_impl_ESTest" name="test04" time="0.003" />
  <testcase classname="main.PL_Interface_impl_ESTest" name="test26" time="0.002" />
  <testcase classname="main.PL_Interface_impl_ESTest" name="test03" time="0.002" />
  <testcase classname="main.PL_Interface_impl_ESTest" name="test25" time="0.002" />
  <testcase classname="main.PL_Interface_impl_ESTest" name="test02" time="0.003" />
  <testcase classname="main.PL_Interface_impl_ESTest" name="test24" time="0.001" />
  <testcase classname="main.PL_Interface_impl_ESTest" name="test01" time="0.006" />
  <testcase classname="main.PL_Interface_impl_ESTest" name="test23" time="0.001" />
  <testcase classname="main.PL_Interface_impl_ESTest" name="test00" time="0.004" />
  <testcase classname="main.PL_Interface_impl_ESTest" name="test22" time="0.001" />
  <testcase classname="main.PL_Interface_impl_ESTest" name="test21" time="0.001" />
  <testcase classname="main.PL_Interface_impl_ESTest" name="test20" time="0.003" />
  <testcase classname="main.PL_Interface_impl_ESTest" name="test09" time="0.003" />
  <testcase classname="main.PL_Interface_impl_ESTest" name="test08" time="0.003" />
  <testcase classname="main.PL_Interface_impl_ESTest" name="test07" time="0.002" />
  <testcase classname="main.PL_Interface_impl_ESTest" name="test06" time="0.003" />
  <testcase classname="main.PL_Interface_impl_ESTest" name="test16" time="0.0" />
  <testcase classname="main.PL_Interface_impl_ESTest" name="test15" time="0.0" />
  <testcase classname="main.PL_Interface_impl_ESTest" name="test14" time="0.001" />
  <testcase classname="main.PL_Interface_impl_ESTest" name="test13" time="0.006" />
  <testcase classname="main.PL_Interface_impl_ESTest" name="test12" time="0.0" />
  <testcase classname="main.PL_Interface_impl_ESTest" name="test11" time="0.001" />
  <testcase classname="main.PL_Interface_impl_ESTest" name="test10" time="0.001" />
  <testcase classname="main.PL_Interface_impl_ESTest" name="test19" time="0.001" />
  <testcase classname="main.PL_Interface_impl_ESTest" name="test18" time="0.003" />
  <testcase classname="main.PL_Interface_impl_ESTest" name="test17" time="0.005" />
  <system-out><![CDATA[18:10:38.873 [main] INFO  o.e.r.instrumentation.EvoClassLoader - Seeing class for first time: main.PL_Interface_impl_ESTest
18:10:38.873 [main] INFO  o.e.r.instrumentation.EvoClassLoader - Instrumenting class 'main.PL_Interface_impl_ESTest'.
18:10:38.875 [main] INFO  o.e.r.instrumentation.EvoClassLoader - Seeing class for first time: main.PL_Interface_impl_ESTest_scaffolding
18:10:38.875 [main] INFO  o.e.r.instrumentation.EvoClassLoader - Instrumenting class 'main.PL_Interface_impl_ESTest_scaffolding'.
18:10:38.875 [main] INFO  o.e.r.instrumentation.EvoClassLoader - Keeping class: main.PL_Interface_impl_ESTest_scaffolding
18:10:38.875 [main] INFO  o.e.r.instrumentation.EvoClassLoader - Keeping class: main.PL_Interface_impl_ESTest
18:10:38.879 [main] INFO  o.e.r.instrumentation.EvoClassLoader - Seeing class for first time: TestSpecifications.SpecificationManager
18:10:38.879 [main] INFO  o.e.r.instrumentation.EvoClassLoader - Instrumenting class 'TestSpecifications.SpecificationManager'.
18:10:38.879 [main] INFO  o.e.r.i.MethodCallReplacementClassAdapter - Adding mock interface to class TestSpecifications/SpecificationManager
18:10:38.879 [main] INFO  o.e.r.i.CreateClassResetClassAdapter - Found static initializer in class TestSpecifications/SpecificationManager
18:10:38.879 [main] INFO  o.e.r.instrumentation.EvoClassLoader - Keeping class: TestSpecifications.SpecificationManager
18:10:38.880 [main] INFO  o.e.r.instrumentation.EvoClassLoader - Seeing class for first time: ElevatorSystem.Floor
18:10:38.880 [main] INFO  o.e.r.instrumentation.EvoClassLoader - Instrumenting class 'ElevatorSystem.Floor'.
18:10:38.880 [main] INFO  o.e.r.i.MethodCallReplacementClassAdapter - Adding mock interface to class ElevatorSystem/Floor
18:10:38.880 [main] INFO  o.e.r.i.CreateClassResetClassAdapter - Creating brand-new static initializer in class ElevatorSystem/Floor
18:10:38.880 [main] INFO  o.e.r.instrumentation.EvoClassLoader - Keeping class: ElevatorSystem.Floor
18:10:38.880 [main] INFO  o.e.r.instrumentation.EvoClassLoader - Seeing class for first time: main.PL_Interface_impl
18:10:38.880 [main] INFO  o.e.r.instrumentation.EvoClassLoader - Instrumenting class 'main.PL_Interface_impl'.
18:10:38.881 [main] INFO  o.e.r.i.MethodCallReplacementClassAdapter - Adding mock interface to class main/PL_Interface_impl
18:10:38.883 [main] INFO  o.e.r.i.CreateClassResetClassAdapter - Found static initializer in class main/PL_Interface_impl
18:10:38.883 [main] INFO  o.e.r.instrumentation.EvoClassLoader - Seeing class for first time: main.PL_Interface
18:10:38.883 [main] INFO  o.e.r.instrumentation.EvoClassLoader - Instrumenting class 'main.PL_Interface'.
18:10:38.884 [main] INFO  o.e.r.instrumentation.EvoClassLoader - Keeping class: main.PL_Interface
18:10:38.884 [main] INFO  o.e.r.instrumentation.EvoClassLoader - Keeping class: main.PL_Interface_impl
18:10:38.884 [main] INFO  o.e.r.instrumentation.EvoClassLoader - Seeing class for first time: ElevatorSystem.Elevator$Direction$2
18:10:38.884 [main] INFO  o.e.r.instrumentation.EvoClassLoader - Instrumenting class 'ElevatorSystem.Elevator$Direction$2'.
18:10:38.885 [main] INFO  o.e.r.i.MethodCallReplacementClassAdapter - Adding mock interface to class ElevatorSystem/Elevator$Direction$2
18:10:38.885 [main] INFO  o.e.r.instrumentation.EvoClassLoader - Seeing class for first time: ElevatorSystem.Elevator$Direction
18:10:38.885 [main] INFO  o.e.r.instrumentation.EvoClassLoader - Instrumenting class 'ElevatorSystem.Elevator$Direction'.
18:10:38.885 [main] INFO  o.e.r.i.MethodCallReplacementClassAdapter - Adding mock interface to class ElevatorSystem/Elevator$Direction
18:10:38.885 [main] INFO  o.e.r.i.CreateClassResetClassAdapter - Found static initializer in class ElevatorSystem/Elevator$Direction
18:10:38.886 [main] INFO  o.e.r.instrumentation.EvoClassLoader - Keeping class: ElevatorSystem.Elevator$Direction
18:10:38.886 [main] INFO  o.e.r.instrumentation.EvoClassLoader - Keeping class: ElevatorSystem.Elevator$Direction$2
18:10:38.886 [main] INFO  o.e.r.instrumentation.EvoClassLoader - Seeing class for first time: ElevatorSystem.Elevator$Direction$1
18:10:38.886 [main] INFO  o.e.r.instrumentation.EvoClassLoader - Instrumenting class 'ElevatorSystem.Elevator$Direction$1'.
18:10:38.886 [main] INFO  o.e.r.i.MethodCallReplacementClassAdapter - Adding mock interface to class ElevatorSystem/Elevator$Direction$1
18:10:38.886 [main] INFO  o.e.r.instrumentation.EvoClassLoader - Keeping class: ElevatorSystem.Elevator$Direction$1
18:10:38.886 [main] INFO  o.e.r.instrumentation.EvoClassLoader - Seeing class for first time: ElevatorSystem.Person
18:10:38.887 [main] INFO  o.e.r.instrumentation.EvoClassLoader - Instrumenting class 'ElevatorSystem.Person'.
18:10:38.887 [main] INFO  o.e.r.i.MethodCallReplacementClassAdapter - Adding mock interface to class ElevatorSystem/Person
18:10:38.887 [main] INFO  o.e.r.i.CreateClassResetClassAdapter - Creating brand-new static initializer in class ElevatorSystem/Person
18:10:38.887 [main] INFO  o.e.r.instrumentation.EvoClassLoader - Keeping class: ElevatorSystem.Person
18:10:38.887 [main] INFO  o.e.r.instrumentation.EvoClassLoader - Seeing class for first time: ElevatorSystem.Elevator
18:10:38.887 [main] INFO  o.e.r.instrumentation.EvoClassLoader - Instrumenting class 'ElevatorSystem.Elevator'.
18:10:38.888 [main] INFO  o.e.r.i.MethodCallReplacementClassAdapter - Adding mock interface to class ElevatorSystem/Elevator
18:10:38.889 [main] INFO  o.e.r.i.CreateClassResetClassAdapter - Creating brand-new static initializer in class ElevatorSystem/Elevator
18:10:38.889 [main] INFO  o.e.r.i.CreateClassResetClassAdapter - Adding bytecode for initializing field maximumWeight
18:10:38.889 [main] INFO  o.e.r.instrumentation.EvoClassLoader - Keeping class: ElevatorSystem.Elevator
18:10:38.889 [main] INFO  o.e.r.instrumentation.EvoClassLoader - Seeing class for first time: ElevatorSystem.Elevator$DoorState
18:10:38.889 [main] INFO  o.e.r.instrumentation.EvoClassLoader - Instrumenting class 'ElevatorSystem.Elevator$DoorState'.
18:10:38.890 [main] INFO  o.e.r.i.MethodCallReplacementClassAdapter - Adding mock interface to class ElevatorSystem/Elevator$DoorState
18:10:38.890 [main] INFO  o.e.r.i.CreateClassResetClassAdapter - Found static initializer in class ElevatorSystem/Elevator$DoorState
18:10:38.890 [main] INFO  o.e.r.instrumentation.EvoClassLoader - Keeping class: ElevatorSystem.Elevator$DoorState
18:10:38.890 [main] INFO  o.e.r.instrumentation.EvoClassLoader - Seeing class for first time: main.Actions
18:10:38.890 [main] INFO  o.e.r.instrumentation.EvoClassLoader - Instrumenting class 'main.Actions'.
18:10:38.890 [main] INFO  o.e.r.i.MethodCallReplacementClassAdapter - Adding mock interface to class main/Actions
18:10:38.891 [main] INFO  o.e.r.i.CreateClassResetClassAdapter - Creating brand-new static initializer in class main/Actions
18:10:38.892 [main] INFO  o.e.r.instrumentation.EvoClassLoader - Keeping class: main.Actions
18:10:38.892 [main] INFO  o.e.r.instrumentation.EvoClassLoader - Seeing class for first time: ElevatorSystem.Environment
18:10:38.892 [main] INFO  o.e.r.instrumentation.EvoClassLoader - Instrumenting class 'ElevatorSystem.Environment'.
18:10:38.892 [main] INFO  o.e.r.i.MethodCallReplacementClassAdapter - Adding mock interface to class ElevatorSystem/Environment
18:10:38.892 [main] INFO  o.e.r.i.CreateClassResetClassAdapter - Creating brand-new static initializer in class ElevatorSystem/Environment
18:10:38.892 [main] INFO  o.e.r.instrumentation.EvoClassLoader - Keeping class: ElevatorSystem.Environment
Started Elevator PL with Specification 1, Variation: 4BigMac entered the Elevator at Landing 1, going to 3
over 2/3 threshold, ignoring calls from FloorButtons until weight is below 2/3*threshold
over 2/3 threshold, ignoring calls from FloorButtons until weight is below 2/3*threshold
over 2/3 threshold, ignoring calls from FloorButtons until weight is below 2/3*threshold
BigMac left the Elevator at Landing 3
monica entered the Elevator at Landing 0, going to 1
monica entered the Elevator at Landing 0, going to 1
monica left the Elevator at Landing 1
monica left the Elevator at Landing 1
no Exception
Started Elevator PL with Specification 1, Variation: 4monica entered the Elevator at Landing 0, going to 1
monica left the Elevator at Landing 1
BigMac entered the Elevator at Landing 1, going to 3
over 2/3 threshold, ignoring calls from FloorButtons until weight is below 2/3*threshold
over 2/3 threshold, ignoring calls from FloorButtons until weight is below 2/3*threshold
BigMac left the Elevator at Landing 3
no Exception
Started Elevator PL with Specification 1, Variation: 4chuck entered the Elevator at Landing 1, going to 3
BigMac entered the Elevator at Landing 1, going to 3
over 2/3 threshold, ignoring calls from FloorButtons until weight is below 2/3*threshold
over 2/3 threshold, ignoring calls from FloorButtons until weight is below 2/3*threshold
over 2/3 threshold, ignoring calls from FloorButtons until weight is below 2/3*threshold
chuck left the Elevator at Landing 3
BigMac left the Elevator at Landing 3
monica entered the Elevator at Landing 0, going to 1
monica entered the Elevator at Landing 0, going to 1
monica left the Elevator at Landing 1
monica left the Elevator at Landing 1
no Exception
Started Elevator PL with Specification 24, Variation: -1monica entered the Elevator at Landing 0, going to 1
Giving Priority to Executive Floor
Giving Priority to Executive Floor
Giving Priority to Executive Floor
Giving Priority to Executive Floor
bob entered the Elevator at Landing 4, going to 0
bob entered the Elevator at Landing 4, going to 0
bob entered the Elevator at Landing 4, going to 0
bob entered the Elevator at Landing 4, going to 0
over 2/3 threshold, ignoring calls from FloorButtons until weight is below 2/3*threshold
over 2/3 threshold, ignoring calls from FloorButtons until weight is below 2/3*threshold
over 2/3 threshold, ignoring calls from FloorButtons until weight is below 2/3*threshold
over 2/3 threshold, ignoring calls from FloorButtons until weight is below 2/3*threshold
monica left the Elevator at Landing 1
BigMac entered the Elevator at Landing 1, going to 3
chuck entered the Elevator at Landing 1, going to 3
chuck entered the Elevator at Landing 1, going to 3
over 2/3 threshold, ignoring calls from FloorButtons until weight is below 2/3*threshold
bob left the Elevator at Landing 0
bob left the Elevator at Landing 0
bob left the Elevator at Landing 0
bob left the Elevator at Landing 0
monica entered the Elevator at Landing 0, going to 1
over 2/3 threshold, ignoring calls from FloorButtons until weight is below 2/3*threshold
over 2/3 threshold, ignoring calls from FloorButtons until weight is below 2/3*threshold
monica left the Elevator at Landing 1
over 2/3 threshold, ignoring calls from FloorButtons until weight is below 2/3*threshold
over 2/3 threshold, ignoring calls from FloorButtons until weight is below 2/3*threshold
BigMac left the Elevator at Landing 3
chuck left the Elevator at Landing 3
chuck left the Elevator at Landing 3
alice entered the Elevator at Landing 3, going to 0
alice entered the Elevator at Landing 3, going to 0
alice entered the Elevator at Landing 3, going to 0
alice entered the Elevator at Landing 3, going to 0
over 2/3 threshold, ignoring calls from FloorButtons until weight is below 2/3*threshold
over 2/3 threshold, ignoring calls from FloorButtons until weight is below 2/3*threshold
over 2/3 threshold, ignoring calls from FloorButtons until weight is below 2/3*threshold
over 2/3 threshold, ignoring calls from FloorButtons until weight is below 2/3*threshold
alice left the Elevator at Landing 0
alice left the Elevator at Landing 0
alice left the Elevator at Landing 0
alice left the Elevator at Landing 0
angelina entered the Elevator at Landing 2, going to 1
angelina entered the Elevator at Landing 2, going to 1
angelina entered the Elevator at Landing 2, going to 1
over 2/3 threshold, ignoring calls from FloorButtons until weight is below 2/3*threshold
over 2/3 threshold, ignoring calls from FloorButtons until weight is below 2/3*threshold
angelina left the Elevator at Landing 1
angelina left the Elevator at Landing 1
angelina left the Elevator at Landing 1
Started Elevator PL with Specification 370, Variation: 24angelina entered the Elevator at Landing 2, going to 1
Giving Priority to Executive Floor
Giving Priority to Executive Floor
Giving Priority to Executive Floor
Giving Priority to Executive Floor
bob entered the Elevator at Landing 4, going to 0
bob entered the Elevator at Landing 4, going to 0
over 2/3 threshold, ignoring calls from FloorButtons until weight is below 2/3*threshold
Giving Priority to Executive Floor
over 2/3 threshold, ignoring calls from FloorButtons until weight is below 2/3*threshold
Giving Priority to Executive Floor
over 2/3 threshold, ignoring calls from FloorButtons until weight is below 2/3*threshold
Giving Priority to Executive Floor
over 2/3 threshold, ignoring calls from FloorButtons until weight is below 2/3*threshold
Giving Priority to Executive Floor
over 2/3 threshold, ignoring calls from FloorButtons until weight is below 2/3*threshold
Giving Priority to Executive Floor
over 2/3 threshold, ignoring calls from FloorButtons until weight is below 2/3*threshold
Giving Priority to Executive Floor
over 2/3 threshold, ignoring calls from FloorButtons until weight is below 2/3*threshold
Giving Priority to Executive Floor
over 2/3 threshold, ignoring calls from FloorButtons until weight is below 2/3*threshold
Giving Priority to Executive Floor
over 2/3 threshold, ignoring calls from FloorButtons until weight is below 2/3*threshold
Giving Priority to Executive Floor
over 2/3 threshold, ignoring calls from FloorButtons until weight is below 2/3*threshold
Giving Priority to Executive Floor
over 2/3 threshold, ignoring calls from FloorButtons until weight is below 2/3*threshold
Giving Priority to Executive Floor
over 2/3 threshold, ignoring calls from FloorButtons until weight is below 2/3*threshold
Giving Priority to Executive Floor
over 2/3 threshold, ignoring calls from FloorButtons until weight is below 2/3*threshold
Giving Priority to Executive Floor
over 2/3 threshold, ignoring calls from FloorButtons until weight is below 2/3*threshold
Giving Priority to Executive Floor
over 2/3 threshold, ignoring calls from FloorButtons until weight is below 2/3*threshold
Giving Priority to Executive Floor
over 2/3 threshold, ignoring calls from FloorButtons until weight is below 2/3*threshold
Giving Priority to Executive Floor
over 2/3 threshold, ignoring calls from FloorButtons until weight is below 2/3*threshold
Giving Priority to Executive Floor
over 2/3 threshold, ignoring calls from FloorButtons until weight is below 2/3*threshold
Giving Priority to Executive Floor
over 2/3 threshold, ignoring calls from FloorButtons until weight is below 2/3*threshold
Giving Priority to Executive Floor
over 2/3 threshold, ignoring calls from FloorButtons until weight is below 2/3*threshold
Giving Priority to Executive Floor
over 2/3 threshold, ignoring calls from FloorButtons until weight is below 2/3*threshold
Giving Priority to Executive Floor
over 2/3 threshold, ignoring calls from FloorButtons until weight is below 2/3*threshold
Giving Priority to Executive Floor
over 2/3 threshold, ignoring calls from FloorButtons until weight is below 2/3*threshold
Giving Priority to Executive Floor
over 2/3 threshold, ignoring calls from FloorButtons until weight is below 2/3*threshold
Giving Priority to Executive Floor
over 2/3 threshold, ignoring calls from FloorButtons until weight is below 2/3*threshold
Giving Priority to Executive Floor
over 2/3 threshold, ignoring calls from FloorButtons until weight is below 2/3*threshold
Giving Priority to Executive Floor
over 2/3 threshold, ignoring calls from FloorButtons until weight is below 2/3*threshold
Giving Priority to Executive Floor
over 2/3 threshold, ignoring calls from FloorButtons until weight is below 2/3*threshold
Giving Priority to Executive Floor
over 2/3 threshold, ignoring calls from FloorButtons until weight is below 2/3*threshold
Giving Priority to Executive Floor
over 2/3 threshold, ignoring calls from FloorButtons until weight is below 2/3*threshold
Giving Priority to Executive Floor
over 2/3 threshold, ignoring calls from FloorButtons until weight is below 2/3*threshold
Giving Priority to Executive Floor
over 2/3 threshold, ignoring calls from FloorButtons until weight is below 2/3*threshold
Giving Priority to Executive Floor
over 2/3 threshold, ignoring calls from FloorButtons until weight is below 2/3*threshold
Giving Priority to Executive Floor
over 2/3 threshold, ignoring calls from FloorButtons until weight is below 2/3*threshold
Giving Priority to Executive Floor
over 2/3 threshold, ignoring calls from FloorButtons until weight is below 2/3*threshold
Giving Priority to Executive Floor
over 2/3 threshold, ignoring calls from FloorButtons until weight is below 2/3*threshold
Giving Priority to Executive Floor
over 2/3 threshold, ignoring calls from FloorButtons until weight is below 2/3*threshold
Giving Priority to Executive Floor
over 2/3 threshold, ignoring calls from FloorButtons until weight is below 2/3*threshold
Giving Priority to Executive Floor
over 2/3 threshold, ignoring calls from FloorButtons until weight is below 2/3*threshold
Giving Priority to Executive Floor
over 2/3 threshold, ignoring calls from FloorButtons until weight is below 2/3*threshold
Giving Priority to Executive Floor
over 2/3 threshold, ignoring calls from FloorButtons until weight is below 2/3*threshold
Giving Priority to Executive Floor
over 2/3 threshold, ignoring calls from FloorButtons until weight is below 2/3*threshold
Giving Priority to Executive Floor
over 2/3 threshold, ignoring calls from FloorButtons until weight is below 2/3*threshold
Giving Priority to Executive Floor
over 2/3 threshold, ignoring calls from FloorButtons until weight is below 2/3*threshold
Giving Priority to Executive Floor
over 2/3 threshold, ignoring calls from FloorButtons until weight is below 2/3*threshold
Giving Priority to Executive Floor
over 2/3 threshold, ignoring calls from FloorButtons until weight is below 2/3*threshold
Giving Priority to Executive Floor
over 2/3 threshold, ignoring calls from FloorButtons until weight is below 2/3*threshold
Giving Priority to Executive Floor
over 2/3 threshold, ignoring calls from FloorButtons until weight is below 2/3*threshold
Giving Priority to Executive Floor
over 2/3 threshold, ignoring calls from FloorButtons until weight is below 2/3*threshold
Giving Priority to Executive Floor
over 2/3 threshold, ignoring calls from FloorButtons until weight is below 2/3*threshold
Giving Priority to Executive Floor
over 2/3 threshold, ignoring calls from FloorButtons until weight is below 2/3*threshold
Giving Priority to Executive Floor
over 2/3 threshold, ignoring calls from FloorButtons until weight is below 2/3*threshold
Giving Priority to Executive Floor
over 2/3 threshold, ignoring calls from FloorButtons until weight is below 2/3*threshold
Giving Priority to Executive Floor
over 2/3 threshold, ignoring calls from FloorButtons until weight is below 2/3*threshold
Giving Priority to Executive Floor
over 2/3 threshold, ignoring calls from FloorButtons until weight is below 2/3*threshold
Giving Priority to Executive Floor
over 2/3 threshold, ignoring calls from FloorButtons until weight is below 2/3*threshold
Giving Priority to Executive Floor
over 2/3 threshold, ignoring calls from FloorButtons until weight is below 2/3*threshold
Giving Priority to Executive Floor
over 2/3 threshold, ignoring calls from FloorButtons until weight is below 2/3*threshold
Giving Priority to Executive Floor
over 2/3 threshold, ignoring calls from FloorButtons until weight is below 2/3*threshold
Giving Priority to Executive Floor
over 2/3 threshold, ignoring calls from FloorButtons until weight is below 2/3*threshold
Giving Priority to Executive Floor
over 2/3 threshold, ignoring calls from FloorButtons until weight is below 2/3*threshold
Giving Priority to Executive Floor
over 2/3 threshold, ignoring calls from FloorButtons until weight is below 2/3*threshold
Giving Priority to Executive Floor
over 2/3 threshold, ignoring calls from FloorButtons until weight is below 2/3*threshold
Giving Priority to Executive Floor
over 2/3 threshold, ignoring calls from FloorButtons until weight is below 2/3*threshold
Giving Priority to Executive Floor
over 2/3 threshold, ignoring calls from FloorButtons until weight is below 2/3*threshold
Giving Priority to Executive Floor
over 2/3 threshold, ignoring calls from FloorButtons until weight is below 2/3*threshold
Giving Priority to Executive Floor
over 2/3 threshold, ignoring calls from FloorButtons until weight is below 2/3*threshold
Giving Priority to Executive Floor
over 2/3 threshold, ignoring calls from FloorButtons until weight is below 2/3*threshold
Giving Priority to Executive Floor
over 2/3 threshold, ignoring calls from FloorButtons until weight is below 2/3*threshold
Giving Priority to Executive Floor
over 2/3 threshold, ignoring calls from FloorButtons until weight is below 2/3*threshold
Giving Priority to Executive Floor
over 2/3 threshold, ignoring calls from FloorButtons until weight is below 2/3*threshold
Giving Priority to Executive Floor
over 2/3 threshold, ignoring calls from FloorButtons until weight is below 2/3*threshold
Giving Priority to Executive Floor
over 2/3 threshold, ignoring calls from FloorButtons until weight is below 2/3*threshold
Giving Priority to Executive Floor
over 2/3 threshold, ignoring calls from FloorButtons until weight is below 2/3*threshold
Giving Priority to Executive Floor
over 2/3 threshold, ignoring calls from FloorButtons until weight is below 2/3*threshold
Giving Priority to Executive Floor
over 2/3 threshold, ignoring calls from FloorButtons until weight is below 2/3*threshold
Giving Priority to Executive Floor
over 2/3 threshold, ignoring calls from FloorButtons until weight is below 2/3*threshold
Giving Priority to Executive Floor
over 2/3 threshold, ignoring calls from FloorButtons until weight is below 2/3*threshold
Giving Priority to Executive Floor
over 2/3 threshold, ignoring calls from FloorButtons until weight is below 2/3*threshold
Giving Priority to Executive Floor
over 2/3 threshold, ignoring calls from FloorButtons until weight is below 2/3*threshold
Giving Priority to Executive Floor
over 2/3 threshold, ignoring calls from FloorButtons until weight is below 2/3*threshold
Giving Priority to Executive Floor
over 2/3 threshold, ignoring calls from FloorButtons until weight is below 2/3*threshold
Giving Priority to Executive Floor
over 2/3 threshold, ignoring calls from FloorButtons until weight is below 2/3*threshold
Giving Priority to Executive Floor
over 2/3 threshold, ignoring calls from FloorButtons until weight is below 2/3*threshold
Giving Priority to Executive Floor
over 2/3 threshold, ignoring calls from FloorButtons until weight is below 2/3*threshold
Giving Priority to Executive Floor
over 2/3 threshold, ignoring calls from FloorButtons until weight is below 2/3*threshold
Giving Priority to Executive Floor
over 2/3 threshold, ignoring calls from FloorButtons until weight is below 2/3*threshold
Giving Priority to Executive Floor
over 2/3 threshold, ignoring calls from FloorButtons until weight is below 2/3*threshold
Giving Priority to Executive Floor
over 2/3 threshold, ignoring calls from FloorButtons until weight is below 2/3*threshold
Giving Priority to Executive Floor
over 2/3 threshold, ignoring calls from FloorButtons until weight is below 2/3*threshold
Giving Priority to Executive Floor
over 2/3 threshold, ignoring calls from FloorButtons until weight is below 2/3*threshold
Giving Priority to Executive Floor
over 2/3 threshold, ignoring calls from FloorButtons until weight is below 2/3*threshold
Giving Priority to Executive Floor
over 2/3 threshold, ignoring calls from FloorButtons until weight is below 2/3*threshold
Giving Priority to Executive Floor
over 2/3 threshold, ignoring calls from FloorButtons until weight is below 2/3*threshold
Giving Priority to Executive Floor
over 2/3 threshold, ignoring calls from FloorButtons until weight is below 2/3*threshold
Giving Priority to Executive Floor
over 2/3 threshold, ignoring calls from FloorButtons until weight is below 2/3*threshold
Giving Priority to Executive Floor
over 2/3 threshold, ignoring calls from FloorButtons until weight is below 2/3*threshold
Giving Priority to Executive Floor
over 2/3 threshold, ignoring calls from FloorButtons until weight is below 2/3*threshold
Giving Priority to Executive Floor
over 2/3 threshold, ignoring calls from FloorButtons until weight is below 2/3*threshold
Giving Priority to Executive Floor
over 2/3 threshold, ignoring calls from FloorButtons until weight is below 2/3*threshold
Giving Priority to Executive Floor
over 2/3 threshold, ignoring calls from FloorButtons until weight is below 2/3*threshold
Giving Priority to Executive Floor
over 2/3 threshold, ignoring calls from FloorButtons until weight is below 2/3*threshold
Giving Priority to Executive Floor
over 2/3 threshold, ignoring calls from FloorButtons until weight is below 2/3*threshold
Giving Priority to Executive Floor
over 2/3 threshold, ignoring calls from FloorButtons until weight is below 2/3*threshold
Giving Priority to Executive Floor
over 2/3 threshold, ignoring calls from FloorButtons until weight is below 2/3*threshold
Giving Priority to Executive Floor
over 2/3 threshold, ignoring calls from FloorButtons until weight is below 2/3*threshold
Giving Priority to Executive Floor
over 2/3 threshold, ignoring calls from FloorButtons until weight is below 2/3*threshold
Giving Priority to Executive Floor
over 2/3 threshold, ignoring calls from FloorButtons until weight is below 2/3*threshold
Giving Priority to Executive Floor
over 2/3 threshold, ignoring calls from FloorButtons until weight is below 2/3*threshold
Giving Priority to Executive Floor
over 2/3 threshold, ignoring calls from FloorButtons until weight is below 2/3*threshold
Giving Priority to Executive Floor
over 2/3 threshold, ignoring calls from FloorButtons until weight is below 2/3*threshold
Giving Priority to Executive Floor
over 2/3 threshold, ignoring calls from FloorButtons until weight is below 2/3*threshold
Giving Priority to Executive Floor
over 2/3 threshold, ignoring calls from FloorButtons until weight is below 2/3*threshold
Giving Priority to Executive Floor
over 2/3 threshold, ignoring calls from FloorButtons until weight is below 2/3*threshold
Giving Priority to Executive Floor
over 2/3 threshold, ignoring calls from FloorButtons until weight is below 2/3*threshold
Giving Priority to Executive Floor
over 2/3 threshold, ignoring calls from FloorButtons until weight is below 2/3*threshold
Giving Priority to Executive Floor
over 2/3 threshold, ignoring calls from FloorButtons until weight is below 2/3*threshold
Giving Priority to Executive Floor
over 2/3 threshold, ignoring calls from FloorButtons until weight is below 2/3*threshold
Giving Priority to Executive Floor
over 2/3 threshold, ignoring calls from FloorButtons until weight is below 2/3*threshold
Giving Priority to Executive Floor
over 2/3 threshold, ignoring calls from FloorButtons until weight is below 2/3*threshold
Giving Priority to Executive Floor
over 2/3 threshold, ignoring calls from FloorButtons until weight is below 2/3*threshold
Giving Priority to Executive Floor
over 2/3 threshold, ignoring calls from FloorButtons until weight is below 2/3*threshold
Giving Priority to Executive Floor
over 2/3 threshold, ignoring calls from FloorButtons until weight is below 2/3*threshold
Giving Priority to Executive Floor
over 2/3 threshold, ignoring calls from FloorButtons until weight is below 2/3*threshold
Giving Priority to Executive Floor
over 2/3 threshold, ignoring calls from FloorButtons until weight is below 2/3*threshold
Giving Priority to Executive Floor
over 2/3 threshold, ignoring calls from FloorButtons until weight is below 2/3*threshold
Giving Priority to Executive Floor
over 2/3 threshold, ignoring calls from FloorButtons until weight is below 2/3*threshold
Giving Priority to Executive Floor
over 2/3 threshold, ignoring calls from FloorButtons until weight is below 2/3*threshold
Giving Priority to Executive Floor
over 2/3 threshold, ignoring calls from FloorButtons until weight is below 2/3*threshold
Giving Priority to Executive Floor
over 2/3 threshold, ignoring calls from FloorButtons until weight is below 2/3*threshold
Giving Priority to Executive Floor
over 2/3 threshold, ignoring calls from FloorButtons until weight is below 2/3*threshold
Giving Priority to Executive Floor
over 2/3 threshold, ignoring calls from FloorButtons until weight is below 2/3*threshold
Giving Priority to Executive Floor
over 2/3 threshold, ignoring calls from FloorButtons until weight is below 2/3*threshold
Giving Priority to Executive Floor
over 2/3 threshold, ignoring calls from FloorButtons until weight is below 2/3*threshold
Giving Priority to Executive Floor
over 2/3 threshold, ignoring calls from FloorButtons until weight is below 2/3*threshold
Giving Priority to Executive Floor
over 2/3 threshold, ignoring calls from FloorButtons until weight is below 2/3*threshold
Giving Priority to Executive Floor
over 2/3 threshold, ignoring calls from FloorButtons until weight is below 2/3*threshold
Giving Priority to Executive Floor
over 2/3 threshold, ignoring calls from FloorButtons until weight is below 2/3*threshold
Giving Priority to Executive Floor
over 2/3 threshold, ignoring calls from FloorButtons until weight is below 2/3*threshold
Giving Priority to Executive Floor
over 2/3 threshold, ignoring calls from FloorButtons until weight is below 2/3*threshold
Giving Priority to Executive Floor
over 2/3 threshold, ignoring calls from FloorButtons until weight is below 2/3*threshold
Giving Priority to Executive Floor
over 2/3 threshold, ignoring calls from FloorButtons until weight is below 2/3*threshold
Giving Priority to Executive Floor
over 2/3 threshold, ignoring calls from FloorButtons until weight is below 2/3*threshold
Giving Priority to Executive Floor
over 2/3 threshold, ignoring calls from FloorButtons until weight is below 2/3*threshold
Giving Priority to Executive Floor
over 2/3 threshold, ignoring calls from FloorButtons until weight is below 2/3*threshold
Giving Priority to Executive Floor
over 2/3 threshold, ignoring calls from FloorButtons until weight is below 2/3*threshold
Giving Priority to Executive Floor
over 2/3 threshold, ignoring calls from FloorButtons until weight is below 2/3*threshold
Giving Priority to Executive Floor
over 2/3 threshold, ignoring calls from FloorButtons until weight is below 2/3*threshold
Giving Priority to Executive Floor
over 2/3 threshold, ignoring calls from FloorButtons until weight is below 2/3*threshold
Giving Priority to Executive Floor
over 2/3 threshold, ignoring calls from FloorButtons until weight is below 2/3*threshold
Giving Priority to Executive Floor
over 2/3 threshold, ignoring calls from FloorButtons until weight is below 2/3*threshold
Giving Priority to Executive Floor
over 2/3 threshold, ignoring calls from FloorButtons until weight is below 2/3*threshold
Giving Priority to Executive Floor
over 2/3 threshold, ignoring calls from FloorButtons until weight is below 2/3*threshold
Giving Priority to Executive Floor
over 2/3 threshold, ignoring calls from FloorButtons until weight is below 2/3*threshold
Giving Priority to Executive Floor
over 2/3 threshold, ignoring calls from FloorButtons until weight is below 2/3*threshold
Giving Priority to Executive Floor
over 2/3 threshold, ignoring calls from FloorButtons until weight is below 2/3*threshold
Giving Priority to Executive Floor
over 2/3 threshold, ignoring calls from FloorButtons until weight is below 2/3*threshold
Giving Priority to Executive Floor
over 2/3 threshold, ignoring calls from FloorButtons until weight is below 2/3*threshold
Giving Priority to Executive Floor
over 2/3 threshold, ignoring calls from FloorButtons until weight is below 2/3*threshold
Giving Priority to Executive Floor
over 2/3 threshold, ignoring calls from FloorButtons until weight is below 2/3*threshold
Giving Priority to Executive Floor
over 2/3 threshold, ignoring calls from FloorButtons until weight is below 2/3*threshold
Giving Priority to Executive Floor
over 2/3 threshold, ignoring calls from FloorButtons until weight is below 2/3*threshold
Giving Priority to Executive Floor
over 2/3 threshold, ignoring calls from FloorButtons until weight is below 2/3*threshold
Giving Priority to Executive Floor
over 2/3 threshold, ignoring calls from FloorButtons until weight is below 2/3*threshold
Giving Priority to Executive Floor
over 2/3 threshold, ignoring calls from FloorButtons until weight is below 2/3*threshold
Giving Priority to Executive Floor
over 2/3 threshold, ignoring calls from FloorButtons until weight is below 2/3*threshold
Giving Priority to Executive Floor
over 2/3 threshold, ignoring calls from FloorButtons until weight is below 2/3*threshold
Giving Priority to Executive Floor
over 2/3 threshold, ignoring calls from FloorButtons until weight is below 2/3*threshold
Giving Priority to Executive Floor
over 2/3 threshold, ignoring calls from FloorButtons until weight is below 2/3*threshold
Giving Priority to Executive Floor
over 2/3 threshold, ignoring calls from FloorButtons until weight is below 2/3*threshold
Giving Priority to Executive Floor
over 2/3 threshold, ignoring calls from FloorButtons until weight is below 2/3*threshold
Giving Priority to Executive Floor
over 2/3 threshold, ignoring calls from FloorButtons until weight is below 2/3*threshold
Giving Priority to Executive Floor
over 2/3 threshold, ignoring calls from FloorButtons until weight is below 2/3*threshold
Giving Priority to Executive Floor
over 2/3 threshold, ignoring calls from FloorButtons until weight is below 2/3*threshold
Giving Priority to Executive Floor
over 2/3 threshold, ignoring calls from FloorButtons until weight is below 2/3*threshold
Giving Priority to Executive Floor
over 2/3 threshold, ignoring calls from FloorButtons until weight is below 2/3*threshold
Giving Priority to Executive Floor
over 2/3 threshold, ignoring calls from FloorButtons until weight is below 2/3*threshold
Giving Priority to Executive Floor
over 2/3 threshold, ignoring calls from FloorButtons until weight is below 2/3*threshold
Giving Priority to Executive Floor
over 2/3 threshold, ignoring calls from FloorButtons until weight is below 2/3*threshold
Giving Priority to Executive Floor
over 2/3 threshold, ignoring calls from FloorButtons until weight is below 2/3*threshold
Giving Priority to Executive Floor
over 2/3 threshold, ignoring calls from FloorButtons until weight is below 2/3*threshold
Giving Priority to Executive Floor
over 2/3 threshold, ignoring calls from FloorButtons until weight is below 2/3*threshold
Giving Priority to Executive Floor
over 2/3 threshold, ignoring calls from FloorButtons until weight is below 2/3*threshold
Giving Priority to Executive Floor
over 2/3 threshold, ignoring calls from FloorButtons until weight is below 2/3*threshold
Giving Priority to Executive Floor
over 2/3 threshold, ignoring calls from FloorButtons until weight is below 2/3*threshold
Giving Priority to Executive Floor
over 2/3 threshold, ignoring calls from FloorButtons until weight is below 2/3*threshold
Giving Priority to Executive Floor
over 2/3 threshold, ignoring calls from FloorButtons until weight is below 2/3*threshold
Giving Priority to Executive Floor
over 2/3 threshold, ignoring calls from FloorButtons until weight is below 2/3*threshold
Giving Priority to Executive Floor
over 2/3 threshold, ignoring calls from FloorButtons until weight is below 2/3*threshold
Giving Priority to Executive Floor
over 2/3 threshold, ignoring calls from FloorButtons until weight is below 2/3*threshold
Giving Priority to Executive Floor
over 2/3 threshold, ignoring calls from FloorButtons until weight is below 2/3*threshold
Giving Priority to Executive Floor
over 2/3 threshold, ignoring calls from FloorButtons until weight is below 2/3*threshold
Giving Priority to Executive Floor
over 2/3 threshold, ignoring calls from FloorButtons until weight is below 2/3*threshold
Giving Priority to Executive Floor
over 2/3 threshold, ignoring calls from FloorButtons until weight is below 2/3*threshold
Giving Priority to Executive Floor
over 2/3 threshold, ignoring calls from FloorButtons until weight is below 2/3*threshold
Giving Priority to Executive Floor
over 2/3 threshold, ignoring calls from FloorButtons until weight is below 2/3*threshold
Giving Priority to Executive Floor
over 2/3 threshold, ignoring calls from FloorButtons until weight is below 2/3*threshold
Giving Priority to Executive Floor
over 2/3 threshold, ignoring calls from FloorButtons until weight is below 2/3*threshold
Giving Priority to Executive Floor
over 2/3 threshold, ignoring calls from FloorButtons until weight is below 2/3*threshold
Giving Priority to Executive Floor
over 2/3 threshold, ignoring calls from FloorButtons until weight is below 2/3*threshold
Giving Priority to Executive Floor
over 2/3 threshold, ignoring calls from FloorButtons until weight is below 2/3*threshold
Giving Priority to Executive Floor
over 2/3 threshold, ignoring calls from FloorButtons until weight is below 2/3*threshold
Giving Priority to Executive Floor
over 2/3 threshold, ignoring calls from FloorButtons until weight is below 2/3*threshold
Giving Priority to Executive Floor
over 2/3 threshold, ignoring calls from FloorButtons until weight is below 2/3*threshold
Giving Priority to Executive Floor
over 2/3 threshold, ignoring calls from FloorButtons until weight is below 2/3*threshold
Giving Priority to Executive Floor
over 2/3 threshold, ignoring calls from FloorButtons until weight is below 2/3*threshold
Giving Priority to Executive Floor
over 2/3 threshold, ignoring calls from FloorButtons until weight is below 2/3*threshold
Giving Priority to Executive Floor
over 2/3 threshold, ignoring calls from FloorButtons until weight is below 2/3*threshold
Giving Priority to Executive Floor
over 2/3 threshold, ignoring calls from FloorButtons until weight is below 2/3*threshold
Giving Priority to Executive Floor
over 2/3 threshold, ignoring calls from FloorButtons until weight is below 2/3*threshold
Giving Priority to Executive Floor
over 2/3 threshold, ignoring calls from FloorButtons until weight is below 2/3*threshold
Giving Priority to Executive Floor
over 2/3 threshold, ignoring calls from FloorButtons until weight is below 2/3*threshold
Giving Priority to Executive Floor
over 2/3 threshold, ignoring calls from FloorButtons until weight is below 2/3*threshold
Giving Priority to Executive Floor
over 2/3 threshold, ignoring calls from FloorButtons until weight is below 2/3*threshold
Giving Priority to Executive Floor
over 2/3 threshold, ignoring calls from FloorButtons until weight is below 2/3*threshold
Giving Priority to Executive Floor
over 2/3 threshold, ignoring calls from FloorButtons until weight is below 2/3*threshold
Giving Priority to Executive Floor
over 2/3 threshold, ignoring calls from FloorButtons until weight is below 2/3*threshold
Giving Priority to Executive Floor
over 2/3 threshold, ignoring calls from FloorButtons until weight is below 2/3*threshold
Giving Priority to Executive Floor
over 2/3 threshold, ignoring calls from FloorButtons until weight is below 2/3*threshold
Giving Priority to Executive Floor
over 2/3 threshold, ignoring calls from FloorButtons until weight is below 2/3*threshold
Giving Priority to Executive Floor
over 2/3 threshold, ignoring calls from FloorButtons until weight is below 2/3*threshold
Giving Priority to Executive Floor
over 2/3 threshold, ignoring calls from FloorButtons until weight is below 2/3*threshold
Giving Priority to Executive Floor
over 2/3 threshold, ignoring calls from FloorButtons until weight is below 2/3*threshold
Giving Priority to Executive Floor
over 2/3 threshold, ignoring calls from FloorButtons until weight is below 2/3*threshold
Giving Priority to Executive Floor
over 2/3 threshold, ignoring calls from FloorButtons until weight is below 2/3*threshold
Giving Priority to Executive Floor
over 2/3 threshold, ignoring calls from FloorButtons until weight is below 2/3*threshold
Giving Priority to Executive Floor
over 2/3 threshold, ignoring calls from FloorButtons until weight is below 2/3*threshold
Giving Priority to Executive Floor
over 2/3 threshold, ignoring calls from FloorButtons until weight is below 2/3*threshold
Giving Priority to Executive Floor
over 2/3 threshold, ignoring calls from FloorButtons until weight is below 2/3*threshold
Giving Priority to Executive Floor
over 2/3 threshold, ignoring calls from FloorButtons until weight is below 2/3*threshold
Giving Priority to Executive Floor
over 2/3 threshold, ignoring calls from FloorButtons until weight is below 2/3*threshold
Giving Priority to Executive Floor
over 2/3 threshold, ignoring calls from FloorButtons until weight is below 2/3*threshold
Giving Priority to Executive Floor
over 2/3 threshold, ignoring calls from FloorButtons until weight is below 2/3*threshold
Giving Priority to Executive Floor
over 2/3 threshold, ignoring calls from FloorButtons until weight is below 2/3*threshold
Giving Priority to Executive Floor
over 2/3 threshold, ignoring calls from FloorButtons until weight is below 2/3*threshold
Giving Priority to Executive Floor
over 2/3 threshold, ignoring calls from FloorButtons until weight is below 2/3*threshold
Giving Priority to Executive Floor
over 2/3 threshold, ignoring calls from FloorButtons until weight is below 2/3*threshold
Giving Priority to Executive Floor
over 2/3 threshold, ignoring calls from FloorButtons until weight is below 2/3*threshold
Giving Priority to Executive Floor
over 2/3 threshold, ignoring calls from FloorButtons until weight is below 2/3*threshold
Giving Priority to Executive Floor
over 2/3 threshold, ignoring calls from FloorButtons until weight is below 2/3*threshold
Giving Priority to Executive Floor
over 2/3 threshold, ignoring calls from FloorButtons until weight is below 2/3*threshold
Giving Priority to Executive Floor
over 2/3 threshold, ignoring calls from FloorButtons until weight is below 2/3*threshold
Giving Priority to Executive Floor
over 2/3 threshold, ignoring calls from FloorButtons until weight is below 2/3*threshold
Giving Priority to Executive Floor
over 2/3 threshold, ignoring calls from FloorButtons until weight is below 2/3*threshold
Giving Priority to Executive Floor
over 2/3 threshold, ignoring calls from FloorButtons until weight is below 2/3*threshold
Giving Priority to Executive Floor
over 2/3 threshold, ignoring calls from FloorButtons until weight is below 2/3*threshold
Giving Priority to Executive Floor
over 2/3 threshold, ignoring calls from FloorButtons until weight is below 2/3*threshold
Giving Priority to Executive Floor
over 2/3 threshold, ignoring calls from FloorButtons until weight is below 2/3*threshold
Giving Priority to Executive Floor
over 2/3 threshold, ignoring calls from FloorButtons until weight is below 2/3*threshold
Giving Priority to Executive Floor
over 2/3 threshold, ignoring calls from FloorButtons until weight is below 2/3*threshold
Giving Priority to Executive Floor
over 2/3 threshold, ignoring calls from FloorButtons until weight is below 2/3*threshold
Giving Priority to Executive Floor
over 2/3 threshold, ignoring calls from FloorButtons until weight is below 2/3*threshold
Giving Priority to Executive Floor
over 2/3 threshold, ignoring calls from FloorButtons until weight is below 2/3*threshold
Giving Priority to Executive Floor
over 2/3 threshold, ignoring calls from FloorButtons until weight is below 2/3*threshold
Giving Priority to Executive Floor
over 2/3 threshold, ignoring calls from FloorButtons until weight is below 2/3*threshold
Giving Priority to Executive Floor
over 2/3 threshold, ignoring calls from FloorButtons until weight is below 2/3*threshold
Giving Priority to Executive Floor
over 2/3 threshold, ignoring calls from FloorButtons until weight is below 2/3*threshold
Giving Priority to Executive Floor
over 2/3 threshold, ignoring calls from FloorButtons until weight is below 2/3*threshold
Giving Priority to Executive Floor
over 2/3 threshold, ignoring calls from FloorButtons until weight is below 2/3*threshold
Giving Priority to Executive Floor
over 2/3 threshold, ignoring calls from FloorButtons until weight is below 2/3*threshold
Giving Priority to Executive Floor
over 2/3 threshold, ignoring calls from FloorButtons until weight is below 2/3*threshold
Giving Priority to Executive Floor
over 2/3 threshold, ignoring calls from FloorButtons until weight is below 2/3*threshold
Giving Priority to Executive Floor
over 2/3 threshold, ignoring calls from FloorButtons until weight is below 2/3*threshold
Giving Priority to Executive Floor
over 2/3 threshold, ignoring calls from FloorButtons until weight is below 2/3*threshold
Giving Priority to Executive Floor
over 2/3 threshold, ignoring calls from FloorButtons until weight is below 2/3*threshold
Giving Priority to Executive Floor
over 2/3 threshold, ignoring calls from FloorButtons until weight is below 2/3*threshold
Giving Priority to Executive Floor
over 2/3 threshold, ignoring calls from FloorButtons until weight is below 2/3*threshold
Giving Priority to Executive Floor
over 2/3 threshold, ignoring calls from FloorButtons until weight is below 2/3*threshold
Giving Priority to Executive Floor
over 2/3 threshold, ignoring calls from FloorButtons until weight is below 2/3*threshold
Giving Priority to Executive Floor
over 2/3 threshold, ignoring calls from FloorButtons until weight is below 2/3*threshold
Giving Priority to Executive Floor
over 2/3 threshold, ignoring calls from FloorButtons until weight is below 2/3*threshold
Giving Priority to Executive Floor
over 2/3 threshold, ignoring calls from FloorButtons until weight is below 2/3*threshold
Giving Priority to Executive Floor
over 2/3 threshold, ignoring calls from FloorButtons until weight is below 2/3*threshold
Giving Priority to Executive Floor
over 2/3 threshold, ignoring calls from FloorButtons until weight is below 2/3*threshold
Giving Priority to Executive Floor
over 2/3 threshold, ignoring calls from FloorButtons until weight is below 2/3*threshold
Giving Priority to Executive Floor
over 2/3 threshold, ignoring calls from FloorButtons until weight is below 2/3*threshold
Giving Priority to Executive Floor
over 2/3 threshold, ignoring calls from FloorButtons until weight is below 2/3*threshold
Giving Priority to Executive Floor
over 2/3 threshold, ignoring calls from FloorButtons until weight is below 2/3*threshold
Giving Priority to Executive Floor
over 2/3 threshold, ignoring calls from FloorButtons until weight is below 2/3*threshold
Giving Priority to Executive Floor
over 2/3 threshold, ignoring calls from FloorButtons until weight is below 2/3*threshold
Giving Priority to Executive Floor
over 2/3 threshold, ignoring calls from FloorButtons until weight is below 2/3*threshold
Giving Priority to Executive Floor
over 2/3 threshold, ignoring calls from FloorButtons until weight is below 2/3*threshold
Giving Priority to Executive Floor
over 2/3 threshold, ignoring calls from FloorButtons until weight is below 2/3*threshold
Giving Priority to Executive Floor
over 2/3 threshold, ignoring calls from FloorButtons until weight is below 2/3*threshold
Giving Priority to Executive Floor
over 2/3 threshold, ignoring calls from FloorButtons until weight is below 2/3*threshold
Giving Priority to Executive Floor
over 2/3 threshold, ignoring calls from FloorButtons until weight is below 2/3*threshold
Giving Priority to Executive Floor
over 2/3 threshold, ignoring calls from FloorButtons until weight is below 2/3*threshold
Giving Priority to Executive Floor
over 2/3 threshold, ignoring calls from FloorButtons until weight is below 2/3*threshold
Giving Priority to Executive Floor
Giving Priority to Executive Floor
Giving Priority to Executive Floor
Giving Priority to Executive Floor
bob entered the Elevator at Landing 4, going to 0
bob entered the Elevator at Landing 4, going to 0
bob entered the Elevator at Landing 4, going to 0
bob entered the Elevator at Landing 4, going to 0
over 2/3 threshold, ignoring calls from FloorButtons until weight is below 2/3*threshold
over 2/3 threshold, ignoring calls from FloorButtons until weight is below 2/3*threshold
over 2/3 threshold, ignoring calls from FloorButtons until weight is below 2/3*threshold
over 2/3 threshold, ignoring calls from FloorButtons until weight is below 2/3*threshold
over 2/3 threshold, ignoring calls from FloorButtons until weight is below 2/3*threshold
bob left the Elevator at Landing 0
bob left the Elevator at Landing 0
bob left the Elevator at Landing 0
bob left the Elevator at Landing 0
monica entered the Elevator at Landing 0, going to 1
monica left the Elevator at Landing 1
BigMac entered the Elevator at Landing 1, going to 3
chuck entered the Elevator at Landing 1, going to 3
chuck entered the Elevator at Landing 1, going to 3
over 2/3 threshold, ignoring calls from FloorButtons until weight is below 2/3*threshold
over 2/3 threshold, ignoring calls from FloorButtons until weight is below 2/3*threshold
BigMac left the Elevator at Landing 3
chuck left the Elevator at Landing 3
chuck left the Elevator at Landing 3
alice entered the Elevator at Landing 3, going to 0
alice entered the Elevator at Landing 3, going to 0
alice entered the Elevator at Landing 3, going to 0
alice entered the Elevator at Landing 3, going to 0
alice entered the Elevator at Landing 3, going to 0
over 2/3 threshold, ignoring calls from FloorButtons until weight is below 2/3*threshold
over 2/3 threshold, ignoring calls from FloorButtons until weight is below 2/3*threshold
over 2/3 threshold, ignoring calls from FloorButtons until weight is below 2/3*threshold
over 2/3 threshold, ignoring calls from FloorButtons until weight is below 2/3*threshold
alice left the Elevator at Landing 0
alice left the Elevator at Landing 0
alice left the Elevator at Landing 0
alice left the Elevator at Landing 0
alice left the Elevator at Landing 0
angelina entered the Elevator at Landing 2, going to 1
angelina entered the Elevator at Landing 2, going to 1
angelina entered the Elevator at Landing 2, going to 1
angelina entered the Elevator at Landing 2, going to 1
over 2/3 threshold, ignoring calls from FloorButtons until weight is below 2/3*threshold
over 2/3 threshold, ignoring calls from FloorButtons until weight is below 2/3*threshold
angelina left the Elevator at Landing 1
angelina left the Elevator at Landing 1
angelina left the Elevator at Landing 1
angelina left the Elevator at Landing 1
Started Elevator PL with Specification 1, Variation: 4bob entered the Elevator at Landing 4, going to 0
alice entered the Elevator at Landing 3, going to 0
over 2/3 threshold, ignoring calls from FloorButtons until weight is below 2/3*threshold
over 2/3 threshold, ignoring calls from FloorButtons until weight is below 2/3*threshold
over 2/3 threshold, ignoring calls from FloorButtons until weight is below 2/3*threshold
bob left the Elevator at Landing 0
alice left the Elevator at Landing 0
chuck entered the Elevator at Landing 1, going to 3
angelina entered the Elevator at Landing 2, going to 1
over 2/3 threshold, ignoring calls from FloorButtons until weight is below 2/3*threshold
chuck left the Elevator at Landing 3
angelina left the Elevator at Landing 1
no Exception
Started Elevator PL with Specification 1868, Variation: 1868monica entered the Elevator at Landing 0, going to 1
monica left the Elevator at Landing 1
BigMac entered the Elevator at Landing 1, going to 3
over 2/3 threshold, ignoring calls from FloorButtons until weight is below 2/3*threshold
over 2/3 threshold, ignoring calls from FloorButtons until weight is below 2/3*threshold
Giving Priority to Executive Floor
BigMac left the Elevator at Landing 3
alice entered the Elevator at Landing 3, going to 0
Giving Priority to Executive Floor
bob entered the Elevator at Landing 4, going to 0
bob entered the Elevator at Landing 4, going to 0
over 2/3 threshold, ignoring calls from FloorButtons until weight is below 2/3*threshold
Giving Priority to Executive Floor
over 2/3 threshold, ignoring calls from FloorButtons until weight is below 2/3*threshold
Giving Priority to Executive Floor
over 2/3 threshold, ignoring calls from FloorButtons until weight is below 2/3*threshold
Giving Priority to Executive Floor
over 2/3 threshold, ignoring calls from FloorButtons until weight is below 2/3*threshold
Giving Priority to Executive Floor
over 2/3 threshold, ignoring calls from FloorButtons until weight is below 2/3*threshold
Giving Priority to Executive Floor
over 2/3 threshold, ignoring calls from FloorButtons until weight is below 2/3*threshold
Giving Priority to Executive Floor
over 2/3 threshold, ignoring calls from FloorButtons until weight is below 2/3*threshold
Giving Priority to Executive Floor
over 2/3 threshold, ignoring calls from FloorButtons until weight is below 2/3*threshold
Giving Priority to Executive Floor
over 2/3 threshold, ignoring calls from FloorButtons until weight is below 2/3*threshold
Giving Priority to Executive Floor
over 2/3 threshold, ignoring calls from FloorButtons until weight is below 2/3*threshold
Giving Priority to Executive Floor
over 2/3 threshold, ignoring calls from FloorButtons until weight is below 2/3*threshold
Giving Priority to Executive Floor
over 2/3 threshold, ignoring calls from FloorButtons until weight is below 2/3*threshold
Giving Priority to Executive Floor
over 2/3 threshold, ignoring calls from FloorButtons until weight is below 2/3*threshold
Giving Priority to Executive Floor
over 2/3 threshold, ignoring calls from FloorButtons until weight is below 2/3*threshold
Giving Priority to Executive Floor
over 2/3 threshold, ignoring calls from FloorButtons until weight is below 2/3*threshold
Giving Priority to Executive Floor
over 2/3 threshold, ignoring calls from FloorButtons until weight is below 2/3*threshold
Giving Priority to Executive Floor
over 2/3 threshold, ignoring calls from FloorButtons until weight is below 2/3*threshold
Giving Priority to Executive Floor
over 2/3 threshold, ignoring calls from FloorButtons until weight is below 2/3*threshold
Giving Priority to Executive Floor
over 2/3 threshold, ignoring calls from FloorButtons until weight is below 2/3*threshold
Giving Priority to Executive Floor
over 2/3 threshold, ignoring calls from FloorButtons until weight is below 2/3*threshold
Giving Priority to Executive Floor
over 2/3 threshold, ignoring calls from FloorButtons until weight is below 2/3*threshold
Giving Priority to Executive Floor
over 2/3 threshold, ignoring calls from FloorButtons until weight is below 2/3*threshold
Giving Priority to Executive Floor
over 2/3 threshold, ignoring calls from FloorButtons until weight is below 2/3*threshold
Giving Priority to Executive Floor
over 2/3 threshold, ignoring calls from FloorButtons until weight is below 2/3*threshold
Giving Priority to Executive Floor
over 2/3 threshold, ignoring calls from FloorButtons until weight is below 2/3*threshold
Giving Priority to Executive Floor
over 2/3 threshold, ignoring calls from FloorButtons until weight is below 2/3*threshold
Giving Priority to Executive Floor
over 2/3 threshold, ignoring calls from FloorButtons until weight is below 2/3*threshold
Giving Priority to Executive Floor
over 2/3 threshold, ignoring calls from FloorButtons until weight is below 2/3*threshold
Giving Priority to Executive Floor
over 2/3 threshold, ignoring calls from FloorButtons until weight is below 2/3*threshold
Giving Priority to Executive Floor
over 2/3 threshold, ignoring calls from FloorButtons until weight is below 2/3*threshold
Giving Priority to Executive Floor
over 2/3 threshold, ignoring calls from FloorButtons until weight is below 2/3*threshold
Giving Priority to Executive Floor
over 2/3 threshold, ignoring calls from FloorButtons until weight is below 2/3*threshold
Giving Priority to Executive Floor
over 2/3 threshold, ignoring calls from FloorButtons until weight is below 2/3*threshold
Giving Priority to Executive Floor
over 2/3 threshold, ignoring calls from FloorButtons until weight is below 2/3*threshold
Giving Priority to Executive Floor
over 2/3 threshold, ignoring calls from FloorButtons until weight is below 2/3*threshold
Giving Priority to Executive Floor
over 2/3 threshold, ignoring calls from FloorButtons until weight is below 2/3*threshold
Giving Priority to Executive Floor
over 2/3 threshold, ignoring calls from FloorButtons until weight is below 2/3*threshold
Giving Priority to Executive Floor
over 2/3 threshold, ignoring calls from FloorButtons until weight is below 2/3*threshold
Giving Priority to Executive Floor
over 2/3 threshold, ignoring calls from FloorButtons until weight is below 2/3*threshold
Giving Priority to Executive Floor
over 2/3 threshold, ignoring calls from FloorButtons until weight is below 2/3*threshold
Giving Priority to Executive Floor
over 2/3 threshold, ignoring calls from FloorButtons until weight is below 2/3*threshold
Giving Priority to Executive Floor
over 2/3 threshold, ignoring calls from FloorButtons until weight is below 2/3*threshold
Giving Priority to Executive Floor
over 2/3 threshold, ignoring calls from FloorButtons until weight is below 2/3*threshold
Giving Priority to Executive Floor
over 2/3 threshold, ignoring calls from FloorButtons until weight is below 2/3*threshold
Giving Priority to Executive Floor
over 2/3 threshold, ignoring calls from FloorButtons until weight is below 2/3*threshold
Giving Priority to Executive Floor
over 2/3 threshold, ignoring calls from FloorButtons until weight is below 2/3*threshold
Giving Priority to Executive Floor
over 2/3 threshold, ignoring calls from FloorButtons until weight is below 2/3*threshold
Giving Priority to Executive Floor
over 2/3 threshold, ignoring calls from FloorButtons until weight is below 2/3*threshold
Giving Priority to Executive Floor
over 2/3 threshold, ignoring calls from FloorButtons until weight is below 2/3*threshold
Giving Priority to Executive Floor
over 2/3 threshold, ignoring calls from FloorButtons until weight is below 2/3*threshold
Giving Priority to Executive Floor
over 2/3 threshold, ignoring calls from FloorButtons until weight is below 2/3*threshold
Giving Priority to Executive Floor
over 2/3 threshold, ignoring calls from FloorButtons until weight is below 2/3*threshold
Giving Priority to Executive Floor
over 2/3 threshold, ignoring calls from FloorButtons until weight is below 2/3*threshold
Giving Priority to Executive Floor
over 2/3 threshold, ignoring calls from FloorButtons until weight is below 2/3*threshold
Giving Priority to Executive Floor
over 2/3 threshold, ignoring calls from FloorButtons until weight is below 2/3*threshold
Giving Priority to Executive Floor
over 2/3 threshold, ignoring calls from FloorButtons until weight is below 2/3*threshold
Giving Priority to Executive Floor
over 2/3 threshold, ignoring calls from FloorButtons until weight is below 2/3*threshold
Giving Priority to Executive Floor
over 2/3 threshold, ignoring calls from FloorButtons until weight is below 2/3*threshold
Giving Priority to Executive Floor
over 2/3 threshold, ignoring calls from FloorButtons until weight is below 2/3*threshold
Giving Priority to Executive Floor
over 2/3 threshold, ignoring calls from FloorButtons until weight is below 2/3*threshold
Giving Priority to Executive Floor
over 2/3 threshold, ignoring calls from FloorButtons until weight is below 2/3*threshold
Giving Priority to Executive Floor
over 2/3 threshold, ignoring calls from FloorButtons until weight is below 2/3*threshold
Giving Priority to Executive Floor
over 2/3 threshold, ignoring calls from FloorButtons until weight is below 2/3*threshold
Giving Priority to Executive Floor
over 2/3 threshold, ignoring calls from FloorButtons until weight is below 2/3*threshold
Giving Priority to Executive Floor
over 2/3 threshold, ignoring calls from FloorButtons until weight is below 2/3*threshold
Giving Priority to Executive Floor
over 2/3 threshold, ignoring calls from FloorButtons until weight is below 2/3*threshold
Giving Priority to Executive Floor
over 2/3 threshold, ignoring calls from FloorButtons until weight is below 2/3*threshold
Giving Priority to Executive Floor
over 2/3 threshold, ignoring calls from FloorButtons until weight is below 2/3*threshold
Giving Priority to Executive Floor
over 2/3 threshold, ignoring calls from FloorButtons until weight is below 2/3*threshold
Giving Priority to Executive Floor
over 2/3 threshold, ignoring calls from FloorButtons until weight is below 2/3*threshold
Giving Priority to Executive Floor
over 2/3 threshold, ignoring calls from FloorButtons until weight is below 2/3*threshold
Giving Priority to Executive Floor
over 2/3 threshold, ignoring calls from FloorButtons until weight is below 2/3*threshold
Giving Priority to Executive Floor
over 2/3 threshold, ignoring calls from FloorButtons until weight is below 2/3*threshold
Giving Priority to Executive Floor
over 2/3 threshold, ignoring calls from FloorButtons until weight is below 2/3*threshold
Giving Priority to Executive Floor
over 2/3 threshold, ignoring calls from FloorButtons until weight is below 2/3*threshold
Giving Priority to Executive Floor
over 2/3 threshold, ignoring calls from FloorButtons until weight is below 2/3*threshold
Giving Priority to Executive Floor
over 2/3 threshold, ignoring calls from FloorButtons until weight is below 2/3*threshold
Giving Priority to Executive Floor
over 2/3 threshold, ignoring calls from FloorButtons until weight is below 2/3*threshold
Giving Priority to Executive Floor
over 2/3 threshold, ignoring calls from FloorButtons until weight is below 2/3*threshold
Giving Priority to Executive Floor
over 2/3 threshold, ignoring calls from FloorButtons until weight is below 2/3*threshold
Giving Priority to Executive Floor
over 2/3 threshold, ignoring calls from FloorButtons until weight is below 2/3*threshold
Giving Priority to Executive Floor
over 2/3 threshold, ignoring calls from FloorButtons until weight is below 2/3*threshold
Giving Priority to Executive Floor
over 2/3 threshold, ignoring calls from FloorButtons until weight is below 2/3*threshold
Giving Priority to Executive Floor
over 2/3 threshold, ignoring calls from FloorButtons until weight is below 2/3*threshold
Giving Priority to Executive Floor
over 2/3 threshold, ignoring calls from FloorButtons until weight is below 2/3*threshold
Giving Priority to Executive Floor
over 2/3 threshold, ignoring calls from FloorButtons until weight is below 2/3*threshold
Giving Priority to Executive Floor
over 2/3 threshold, ignoring calls from FloorButtons until weight is below 2/3*threshold
Giving Priority to Executive Floor
over 2/3 threshold, ignoring calls from FloorButtons until weight is below 2/3*threshold
Giving Priority to Executive Floor
over 2/3 threshold, ignoring calls from FloorButtons until weight is below 2/3*threshold
Giving Priority to Executive Floor
over 2/3 threshold, ignoring calls from FloorButtons until weight is below 2/3*threshold
Giving Priority to Executive Floor
over 2/3 threshold, ignoring calls from FloorButtons until weight is below 2/3*threshold
Giving Priority to Executive Floor
over 2/3 threshold, ignoring calls from FloorButtons until weight is below 2/3*threshold
Giving Priority to Executive Floor
over 2/3 threshold, ignoring calls from FloorButtons until weight is below 2/3*threshold
Giving Priority to Executive Floor
over 2/3 threshold, ignoring calls from FloorButtons until weight is below 2/3*threshold
Giving Priority to Executive Floor
over 2/3 threshold, ignoring calls from FloorButtons until weight is below 2/3*threshold
Giving Priority to Executive Floor
over 2/3 threshold, ignoring calls from FloorButtons until weight is below 2/3*threshold
Giving Priority to Executive Floor
over 2/3 threshold, ignoring calls from FloorButtons until weight is below 2/3*threshold
Giving Priority to Executive Floor
over 2/3 threshold, ignoring calls from FloorButtons until weight is below 2/3*threshold
Giving Priority to Executive Floor
over 2/3 threshold, ignoring calls from FloorButtons until weight is below 2/3*threshold
Giving Priority to Executive Floor
over 2/3 threshold, ignoring calls from FloorButtons until weight is below 2/3*threshold
Giving Priority to Executive Floor
over 2/3 threshold, ignoring calls from FloorButtons until weight is below 2/3*threshold
Giving Priority to Executive Floor
over 2/3 threshold, ignoring calls from FloorButtons until weight is below 2/3*threshold
Giving Priority to Executive Floor
over 2/3 threshold, ignoring calls from FloorButtons until weight is below 2/3*threshold
Giving Priority to Executive Floor
over 2/3 threshold, ignoring calls from FloorButtons until weight is below 2/3*threshold
Giving Priority to Executive Floor
over 2/3 threshold, ignoring calls from FloorButtons until weight is below 2/3*threshold
Giving Priority to Executive Floor
over 2/3 threshold, ignoring calls from FloorButtons until weight is below 2/3*threshold
Giving Priority to Executive Floor
over 2/3 threshold, ignoring calls from FloorButtons until weight is below 2/3*threshold
Giving Priority to Executive Floor
over 2/3 threshold, ignoring calls from FloorButtons until weight is below 2/3*threshold
Giving Priority to Executive Floor
over 2/3 threshold, ignoring calls from FloorButtons until weight is below 2/3*threshold
Giving Priority to Executive Floor
over 2/3 threshold, ignoring calls from FloorButtons until weight is below 2/3*threshold
Giving Priority to Executive Floor
over 2/3 threshold, ignoring calls from FloorButtons until weight is below 2/3*threshold
Giving Priority to Executive Floor
over 2/3 threshold, ignoring calls from FloorButtons until weight is below 2/3*threshold
Giving Priority to Executive Floor
over 2/3 threshold, ignoring calls from FloorButtons until weight is below 2/3*threshold
Giving Priority to Executive Floor
over 2/3 threshold, ignoring calls from FloorButtons until weight is below 2/3*threshold
Giving Priority to Executive Floor
over 2/3 threshold, ignoring calls from FloorButtons until weight is below 2/3*threshold
Giving Priority to Executive Floor
over 2/3 threshold, ignoring calls from FloorButtons until weight is below 2/3*threshold
Giving Priority to Executive Floor
over 2/3 threshold, ignoring calls from FloorButtons until weight is below 2/3*threshold
Giving Priority to Executive Floor
over 2/3 threshold, ignoring calls from FloorButtons until weight is below 2/3*threshold
Giving Priority to Executive Floor
over 2/3 threshold, ignoring calls from FloorButtons until weight is below 2/3*threshold
Giving Priority to Executive Floor
over 2/3 threshold, ignoring calls from FloorButtons until weight is below 2/3*threshold
Giving Priority to Executive Floor
over 2/3 threshold, ignoring calls from FloorButtons until weight is below 2/3*threshold
Giving Priority to Executive Floor
over 2/3 threshold, ignoring calls from FloorButtons until weight is below 2/3*threshold
Giving Priority to Executive Floor
over 2/3 threshold, ignoring calls from FloorButtons until weight is below 2/3*threshold
Giving Priority to Executive Floor
over 2/3 threshold, ignoring calls from FloorButtons until weight is below 2/3*threshold
Giving Priority to Executive Floor
over 2/3 threshold, ignoring calls from FloorButtons until weight is below 2/3*threshold
Giving Priority to Executive Floor
over 2/3 threshold, ignoring calls from FloorButtons until weight is below 2/3*threshold
Giving Priority to Executive Floor
over 2/3 threshold, ignoring calls from FloorButtons until weight is below 2/3*threshold
Giving Priority to Executive Floor
over 2/3 threshold, ignoring calls from FloorButtons until weight is below 2/3*threshold
Giving Priority to Executive Floor
over 2/3 threshold, ignoring calls from FloorButtons until weight is below 2/3*threshold
Giving Priority to Executive Floor
over 2/3 threshold, ignoring calls from FloorButtons until weight is below 2/3*threshold
Giving Priority to Executive Floor
over 2/3 threshold, ignoring calls from FloorButtons until weight is below 2/3*threshold
Giving Priority to Executive Floor
over 2/3 threshold, ignoring calls from FloorButtons until weight is below 2/3*threshold
Giving Priority to Executive Floor
over 2/3 threshold, ignoring calls from FloorButtons until weight is below 2/3*threshold
Giving Priority to Executive Floor
over 2/3 threshold, ignoring calls from FloorButtons until weight is below 2/3*threshold
Giving Priority to Executive Floor
over 2/3 threshold, ignoring calls from FloorButtons until weight is below 2/3*threshold
Giving Priority to Executive Floor
over 2/3 threshold, ignoring calls from FloorButtons until weight is below 2/3*threshold
Giving Priority to Executive Floor
over 2/3 threshold, ignoring calls from FloorButtons until weight is below 2/3*threshold
Giving Priority to Executive Floor
over 2/3 threshold, ignoring calls from FloorButtons until weight is below 2/3*threshold
Giving Priority to Executive Floor
over 2/3 threshold, ignoring calls from FloorButtons until weight is below 2/3*threshold
Giving Priority to Executive Floor
over 2/3 threshold, ignoring calls from FloorButtons until weight is below 2/3*threshold
Giving Priority to Executive Floor
over 2/3 threshold, ignoring calls from FloorButtons until weight is below 2/3*threshold
Giving Priority to Executive Floor
over 2/3 threshold, ignoring calls from FloorButtons until weight is below 2/3*threshold
Giving Priority to Executive Floor
over 2/3 threshold, ignoring calls from FloorButtons until weight is below 2/3*threshold
Giving Priority to Executive Floor
over 2/3 threshold, ignoring calls from FloorButtons until weight is below 2/3*threshold
Giving Priority to Executive Floor
over 2/3 threshold, ignoring calls from FloorButtons until weight is below 2/3*threshold
Giving Priority to Executive Floor
over 2/3 threshold, ignoring calls from FloorButtons until weight is below 2/3*threshold
Giving Priority to Executive Floor
over 2/3 threshold, ignoring calls from FloorButtons until weight is below 2/3*threshold
Giving Priority to Executive Floor
over 2/3 threshold, ignoring calls from FloorButtons until weight is below 2/3*threshold
Giving Priority to Executive Floor
over 2/3 threshold, ignoring calls from FloorButtons until weight is below 2/3*threshold
Giving Priority to Executive Floor
over 2/3 threshold, ignoring calls from FloorButtons until weight is below 2/3*threshold
Giving Priority to Executive Floor
over 2/3 threshold, ignoring calls from FloorButtons until weight is below 2/3*threshold
Giving Priority to Executive Floor
over 2/3 threshold, ignoring calls from FloorButtons until weight is below 2/3*threshold
Giving Priority to Executive Floor
over 2/3 threshold, ignoring calls from FloorButtons until weight is below 2/3*threshold
Giving Priority to Executive Floor
over 2/3 threshold, ignoring calls from FloorButtons until weight is below 2/3*threshold
Giving Priority to Executive Floor
over 2/3 threshold, ignoring calls from FloorButtons until weight is below 2/3*threshold
Giving Priority to Executive Floor
over 2/3 threshold, ignoring calls from FloorButtons until weight is below 2/3*threshold
Giving Priority to Executive Floor
over 2/3 threshold, ignoring calls from FloorButtons until weight is below 2/3*threshold
Giving Priority to Executive Floor
over 2/3 threshold, ignoring calls from FloorButtons until weight is below 2/3*threshold
Giving Priority to Executive Floor
over 2/3 threshold, ignoring calls from FloorButtons until weight is below 2/3*threshold
Giving Priority to Executive Floor
over 2/3 threshold, ignoring calls from FloorButtons until weight is below 2/3*threshold
Giving Priority to Executive Floor
over 2/3 threshold, ignoring calls from FloorButtons until weight is below 2/3*threshold
Giving Priority to Executive Floor
over 2/3 threshold, ignoring calls from FloorButtons until weight is below 2/3*threshold
Giving Priority to Executive Floor
over 2/3 threshold, ignoring calls from FloorButtons until weight is below 2/3*threshold
Giving Priority to Executive Floor
over 2/3 threshold, ignoring calls from FloorButtons until weight is below 2/3*threshold
Giving Priority to Executive Floor
over 2/3 threshold, ignoring calls from FloorButtons until weight is below 2/3*threshold
Giving Priority to Executive Floor
over 2/3 threshold, ignoring calls from FloorButtons until weight is below 2/3*threshold
Giving Priority to Executive Floor
over 2/3 threshold, ignoring calls from FloorButtons until weight is below 2/3*threshold
Giving Priority to Executive Floor
over 2/3 threshold, ignoring calls from FloorButtons until weight is below 2/3*threshold
Giving Priority to Executive Floor
over 2/3 threshold, ignoring calls from FloorButtons until weight is below 2/3*threshold
Giving Priority to Executive Floor
over 2/3 threshold, ignoring calls from FloorButtons until weight is below 2/3*threshold
Giving Priority to Executive Floor
over 2/3 threshold, ignoring calls from FloorButtons until weight is below 2/3*threshold
Giving Priority to Executive Floor
over 2/3 threshold, ignoring calls from FloorButtons until weight is below 2/3*threshold
Giving Priority to Executive Floor
over 2/3 threshold, ignoring calls from FloorButtons until weight is below 2/3*threshold
Giving Priority to Executive Floor
over 2/3 threshold, ignoring calls from FloorButtons until weight is below 2/3*threshold
Giving Priority to Executive Floor
over 2/3 threshold, ignoring calls from FloorButtons until weight is below 2/3*threshold
Giving Priority to Executive Floor
over 2/3 threshold, ignoring calls from FloorButtons until weight is below 2/3*threshold
Giving Priority to Executive Floor
over 2/3 threshold, ignoring calls from FloorButtons until weight is below 2/3*threshold
Giving Priority to Executive Floor
over 2/3 threshold, ignoring calls from FloorButtons until weight is below 2/3*threshold
Giving Priority to Executive Floor
over 2/3 threshold, ignoring calls from FloorButtons until weight is below 2/3*threshold
Giving Priority to Executive Floor
over 2/3 threshold, ignoring calls from FloorButtons until weight is below 2/3*threshold
Giving Priority to Executive Floor
over 2/3 threshold, ignoring calls from FloorButtons until weight is below 2/3*threshold
Giving Priority to Executive Floor
over 2/3 threshold, ignoring calls from FloorButtons until weight is below 2/3*threshold
Giving Priority to Executive Floor
over 2/3 threshold, ignoring calls from FloorButtons until weight is below 2/3*threshold
Giving Priority to Executive Floor
over 2/3 threshold, ignoring calls from FloorButtons until weight is below 2/3*threshold
Giving Priority to Executive Floor
over 2/3 threshold, ignoring calls from FloorButtons until weight is below 2/3*threshold
Giving Priority to Executive Floor
over 2/3 threshold, ignoring calls from FloorButtons until weight is below 2/3*threshold
Giving Priority to Executive Floor
over 2/3 threshold, ignoring calls from FloorButtons until weight is below 2/3*threshold
Giving Priority to Executive Floor
over 2/3 threshold, ignoring calls from FloorButtons until weight is below 2/3*threshold
Giving Priority to Executive Floor
over 2/3 threshold, ignoring calls from FloorButtons until weight is below 2/3*threshold
Giving Priority to Executive Floor
over 2/3 threshold, ignoring calls from FloorButtons until weight is below 2/3*threshold
Giving Priority to Executive Floor
over 2/3 threshold, ignoring calls from FloorButtons until weight is below 2/3*threshold
Giving Priority to Executive Floor
over 2/3 threshold, ignoring calls from FloorButtons until weight is below 2/3*threshold
Giving Priority to Executive Floor
over 2/3 threshold, ignoring calls from FloorButtons until weight is below 2/3*threshold
Giving Priority to Executive Floor
over 2/3 threshold, ignoring calls from FloorButtons until weight is below 2/3*threshold
Giving Priority to Executive Floor
over 2/3 threshold, ignoring calls from FloorButtons until weight is below 2/3*threshold
Giving Priority to Executive Floor
over 2/3 threshold, ignoring calls from FloorButtons until weight is below 2/3*threshold
Giving Priority to Executive Floor
over 2/3 threshold, ignoring calls from FloorButtons until weight is below 2/3*threshold
Giving Priority to Executive Floor
over 2/3 threshold, ignoring calls from FloorButtons until weight is below 2/3*threshold
Giving Priority to Executive Floor
over 2/3 threshold, ignoring calls from FloorButtons until weight is below 2/3*threshold
Giving Priority to Executive Floor
over 2/3 threshold, ignoring calls from FloorButtons until weight is below 2/3*threshold
Giving Priority to Executive Floor
[...]
over 2/3 threshold, ignoring calls from FloorButtons until weight is below 2/3*threshold
Giving Priority to Executive Floor
over 2/3 threshold, ignoring calls from FloorButtons until weight is below 2/3*threshold
Giving Priority to Executive Floor
over 2/3 threshold, ignoring calls from FloorButtons until weight is below 2/3*threshold
Giving Priority to Executive Floor
over 2/3 threshold, ignoring calls from FloorButtons until weight is below 2/3*threshold
Giving Priority to Executive Floor
over 2/3 threshold, ignoring calls from FloorButtons until weight is below 2/3*threshold
Giving Priority to Executive Floor
over 2/3 threshold, ignoring calls from FloorButtons until weight is below 2/3*threshold
Giving Priority to Executive Floor
over 2/3 threshold, ignoring calls from FloorButtons until weight is below 2/3*threshold
Giving Priority to Executive Floor
over 2/3 threshold, ignoring calls from FloorButtons until weight is below 2/3*threshold
Giving Priority to Executive Floor
over 2/3 threshold, ignoring calls from FloorButtons until weight is below 2/3*threshold
Giving Priority to Executive Floor
over 2/3 threshold, ignoring calls from FloorButtons until weight is below 2/3*threshold
Giving Priority to Executive Floor
over 2/3 threshold, ignoring calls from FloorButtons until weight is below 2/3*threshold
Giving Priority to Executive Floor
over 2/3 threshold, ignoring calls from FloorButtons until weight is below 2/3*threshold
Giving Priority to Executive Floor
over 2/3 threshold, ignoring calls from FloorButtons until weight is below 2/3*threshold
Giving Priority to Executive Floor
over 2/3 threshold, ignoring calls from FloorButtons until weight is below 2/3*threshold
Giving Priority to Executive Floor
over 2/3 threshold, ignoring calls from FloorButtons until weight is below 2/3*threshold
Giving Priority to Executive Floor
over 2/3 threshold, ignoring calls from FloorButtons until weight is below 2/3*threshold
Giving Priority to Executive Floor
over 2/3 threshold, ignoring calls from FloorButtons until weight is below 2/3*threshold
Giving Priority to Executive Floor
over 2/3 threshold, ignoring calls from FloorButtons until weight is below 2/3*threshold
Giving Priority to Executive Floor
over 2/3 threshold, ignoring calls from FloorButtons until weight is below 2/3*threshold
Giving Priority to Executive Floor
over 2/3 threshold, ignoring calls from FloorButtons until weight is below 2/3*threshold
Giving Priority to Executive Floor
over 2/3 threshold, ignoring calls from FloorButtons until weight is below 2/3*threshold
Giving Priority to Executive Floor
over 2/3 threshold, ignoring calls from FloorButtons until weight is below 2/3*threshold
Giving Priority to Executive Floor
over 2/3 threshold, ignoring calls from FloorButtons until weight is below 2/3*threshold
Giving Priority to Executive Floor
over 2/3 threshold, ignoring calls from FloorButtons until weight is below 2/3*threshold
Giving Priority to Executive Floor
over 2/3 threshold, ignoring calls from FloorButtons until weight is below 2/3*threshold
Giving Priority to Executive Floor
over 2/3 threshold, ignoring calls from FloorButtons until weight is below 2/3*threshold
Giving Priority to Executive Floor
over 2/3 threshold, ignoring calls from FloorButtons until weight is below 2/3*threshold
Giving Priority to Executive Floor
over 2/3 threshold, ignoring calls from FloorButtons until weight is below 2/3*threshold
Giving Priority to Executive Floor
over 2/3 threshold, ignoring calls from FloorButtons until weight is below 2/3*threshold
Giving Priority to Executive Floor
over 2/3 threshold, ignoring calls from FloorButtons until weight is below 2/3*threshold
Giving Priority to Executive Floor
over 2/3 threshold, ignoring calls from FloorButtons until weight is below 2/3*threshold
Giving Priority to Executive Floor
over 2/3 threshold, ignoring calls from FloorButtons until weight is below 2/3*threshold
Giving Priority to Executive Floor
over 2/3 threshold, ignoring calls from FloorButtons until weight is below 2/3*threshold
Giving Priority to Executive Floor
over 2/3 threshold, ignoring calls from FloorButtons until weight is below 2/3*threshold
Giving Priority to Executive Floor
over 2/3 threshold, ignoring calls from FloorButtons until weight is below 2/3*threshold
Giving Priority to Executive Floor
over 2/3 threshold, ignoring calls from FloorButtons until weight is below 2/3*threshold
Giving Priority to Executive Floor
over 2/3 threshold, ignoring calls from FloorButtons until weight is below 2/3*threshold
Giving Priority to Executive Floor
over 2/3 threshold, ignoring calls from FloorButtons until weight is below 2/3*threshold
Giving Priority to Executive Floor
over 2/3 threshold, ignoring calls from FloorButtons until weight is below 2/3*threshold
Giving Priority to Executive Floor
over 2/3 threshold, ignoring calls from FloorButtons until weight is below 2/3*threshold
Giving Priority to Executive Floor
over 2/3 threshold, ignoring calls from FloorButtons until weight is below 2/3*threshold
Giving Priority to Executive Floor
over 2/3 threshold, ignoring calls from FloorButtons until weight is below 2/3*threshold
Giving Priority to Executive Floor
over 2/3 threshold, ignoring calls from FloorButtons until weight is below 2/3*threshold
Giving Priority to Executive Floor
over 2/3 threshold, ignoring calls from FloorButtons until weight is below 2/3*threshold
Giving Priority to Executive Floor
over 2/3 threshold, ignoring calls from FloorButtons until weight is below 2/3*threshold
Giving Priority to Executive Floor
over 2/3 threshold, ignoring calls from FloorButtons until weight is below 2/3*threshold
Giving Priority to Executive Floor
over 2/3 threshold, ignoring calls from FloorButtons until weight is below 2/3*threshold
Giving Priority to Executive Floor
over 2/3 threshold, ignoring calls from FloorButtons until weight is below 2/3*threshold
Giving Priority to Executive Floor
over 2/3 threshold, ignoring calls from FloorButtons until weight is below 2/3*threshold
Giving Priority to Executive Floor
over 2/3 threshold, ignoring calls from FloorButtons until weight is below 2/3*threshold
Giving Priority to Executive Floor
over 2/3 threshold, ignoring calls from FloorButtons until weight is below 2/3*threshold
Giving Priority to Executive Floor
over 2/3 threshold, ignoring calls from FloorButtons until weight is below 2/3*threshold
Giving Priority to Executive Floor
over 2/3 threshold, ignoring calls from FloorButtons until weight is below 2/3*threshold
Giving Priority to Executive Floor
over 2/3 threshold, ignoring calls from FloorButtons until weight is below 2/3*threshold
Giving Priority to Executive Floor
over 2/3 threshold, ignoring calls from FloorButtons until weight is below 2/3*threshold
Giving Priority to Executive Floor
over 2/3 threshold, ignoring calls from FloorButtons until weight is below 2/3*threshold
Giving Priority to Executive Floor
over 2/3 threshold, ignoring calls from FloorButtons until weight is below 2/3*threshold
Giving Priority to Executive Floor
over 2/3 threshold, ignoring calls from FloorButtons until weight is below 2/3*threshold
Giving Priority to Executive Floor
over 2/3 threshold, ignoring calls from FloorButtons until weight is below 2/3*threshold
Giving Priority to Executive Floor
over 2/3 threshold, ignoring calls from FloorButtons until weight is below 2/3*threshold
Giving Priority to Executive Floor
over 2/3 threshold, ignoring calls from FloorButtons until weight is below 2/3*threshold
Giving Priority to Executive Floor
over 2/3 threshold, ignoring calls from FloorButtons until weight is below 2/3*threshold
Giving Priority to Executive Floor
over 2/3 threshold, ignoring calls from FloorButtons until weight is below 2/3*threshold
Giving Priority to Executive Floor
over 2/3 threshold, ignoring calls from FloorButtons until weight is below 2/3*threshold
Giving Priority to Executive Floor
over 2/3 threshold, ignoring calls from FloorButtons until weight is below 2/3*threshold
Giving Priority to Executive Floor
over 2/3 threshold, ignoring calls from FloorButtons until weight is below 2/3*threshold
Giving Priority to Executive Floor
over 2/3 threshold, ignoring calls from FloorButtons until weight is below 2/3*threshold
Giving Priority to Executive Floor
over 2/3 threshold, ignoring calls from FloorButtons until weight is below 2/3*threshold
Giving Priority to Executive Floor
over 2/3 threshold, ignoring calls from FloorButtons until weight is below 2/3*threshold
Giving Priority to Executive Floor
over 2/3 threshold, ignoring calls from FloorButtons until weight is below 2/3*threshold
Giving Priority to Executive Floor
over 2/3 threshold, ignoring calls from FloorButtons until weight is below 2/3*threshold
Giving Priority to Executive Floor
over 2/3 threshold, ignoring calls from FloorButtons until weight is below 2/3*threshold
Giving Priority to Executive Floor
over 2/3 threshold, ignoring calls from FloorButtons until weight is below 2/3*threshold
Giving Priority to Executive Floor
over 2/3 threshold, ignoring calls from FloorButtons until weight is below 2/3*threshold
Giving Priority to Executive Floor
over 2/3 threshold, ignoring calls from FloorButtons until weight is below 2/3*threshold
Giving Priority to Executive Floor
over 2/3 threshold, ignoring calls from FloorButtons until weight is below 2/3*threshold
Giving Priority to Executive Floor
over 2/3 threshold, ignoring calls from FloorButtons until weight is below 2/3*threshold
Giving Priority to Executive Floor
over 2/3 threshold, ignoring calls from FloorButtons until weight is below 2/3*threshold
Giving Priority to Executive Floor
over 2/3 threshold, ignoring calls from FloorButtons until weight is below 2/3*threshold
Giving Priority to Executive Floor
over 2/3 threshold, ignoring calls from FloorButtons until weight is below 2/3*threshold
Giving Priority to Executive Floor
over 2/3 threshold, ignoring calls from FloorButtons until weight is below 2/3*threshold
Giving Priority to Executive Floor
over 2/3 threshold, ignoring calls from FloorButtons until weight is below 2/3*threshold
Giving Priority to Executive Floor
over 2/3 threshold, ignoring calls from FloorButtons until weight is below 2/3*threshold
Giving Priority to Executive Floor
over 2/3 threshold, ignoring calls from FloorButtons until weight is below 2/3*threshold
Giving Priority to Executive Floor
over 2/3 threshold, ignoring calls from FloorButtons until weight is below 2/3*threshold
Giving Priority to Executive Floor
over 2/3 threshold, ignoring calls from FloorButtons until weight is below 2/3*threshold
Giving Priority to Executive Floor
over 2/3 threshold, ignoring calls from FloorButtons until weight is below 2/3*threshold
Giving Priority to Executive Floor
over 2/3 threshold, ignoring calls from FloorButtons until weight is below 2/3*threshold
Giving Priority to Executive Floor
over 2/3 threshold, ignoring calls from FloorButtons until weight is below 2/3*threshold
Giving Priority to Executive Floor
over 2/3 threshold, ignoring calls from FloorButtons until weight is below 2/3*threshold
Giving Priority to Executive Floor
over 2/3 threshold, ignoring calls from FloorButtons until weight is below 2/3*threshold
Giving Priority to Executive Floor
over 2/3 threshold, ignoring calls from FloorButtons until weight is below 2/3*threshold
Giving Priority to Executive Floor
over 2/3 threshold, ignoring calls from FloorButtons until weight is below 2/3*threshold
Giving Priority to Executive Floor
over 2/3 threshold, ignoring calls from FloorButtons until weight is below 2/3*threshold
Giving Priority to Executive Floor
over 2/3 threshold, ignoring calls from FloorButtons until weight is below 2/3*threshold
Giving Priority to Executive Floor
over 2/3 threshold, ignoring calls from FloorButtons until weight is below 2/3*threshold
Giving Priority to Executive Floor
over 2/3 threshold, ignoring calls from FloorButtons until weight is below 2/3*threshold
Giving Priority to Executive Floor
over 2/3 threshold, ignoring calls from FloorButtons until weight is below 2/3*threshold
Giving Priority to Executive Floor
over 2/3 threshold, ignoring calls from FloorButtons until weight is below 2/3*threshold
Giving Priority to Executive Floor
over 2/3 threshold, ignoring calls from FloorButtons until weight is below 2/3*threshold
Giving Priority to Executive Floor
over 2/3 threshold, ignoring calls from FloorButtons until weight is below 2/3*threshold
Giving Priority to Executive Floor
over 2/3 threshold, ignoring calls from FloorButtons until weight is below 2/3*threshold
Giving Priority to Executive Floor
over 2/3 threshold, ignoring calls from FloorButtons until weight is below 2/3*threshold
Giving Priority to Executive Floor
over 2/3 threshold, ignoring calls from FloorButtons until weight is below 2/3*threshold
Giving Priority to Executive Floor
over 2/3 threshold, ignoring calls from FloorButtons until weight is below 2/3*threshold
Giving Priority to Executive Floor
over 2/3 threshold, ignoring calls from FloorButtons until weight is below 2/3*threshold
Giving Priority to Executive Floor
over 2/3 threshold, ignoring calls from FloorButtons until weight is below 2/3*threshold
Giving Priority to Executive Floor
over 2/3 threshold, ignoring calls from FloorButtons until weight is below 2/3*threshold
Giving Priority to Executive Floor
over 2/3 threshold, ignoring calls from FloorButtons until weight is below 2/3*threshold
Giving Priority to Executive Floor
over 2/3 threshold, ignoring calls from FloorButtons until weight is below 2/3*threshold
Giving Priority to Executive Floor
over 2/3 threshold, ignoring calls from FloorButtons until weight is below 2/3*threshold
Giving Priority to Executive Floor
over 2/3 threshold, ignoring calls from FloorButtons until weight is below 2/3*threshold
Giving Priority to Executive Floor
over 2/3 threshold, ignoring calls from FloorButtons until weight is below 2/3*threshold
Giving Priority to Executive Floor
over 2/3 threshold, ignoring calls from FloorButtons until weight is below 2/3*threshold
Giving Priority to Executive Floor
over 2/3 threshold, ignoring calls from FloorButtons until weight is below 2/3*threshold
Giving Priority to Executive Floor
over 2/3 threshold, ignoring calls from FloorButtons until weight is below 2/3*threshold
Giving Priority to Executive Floor
over 2/3 threshold, ignoring calls from FloorButtons until weight is below 2/3*threshold
Giving Priority to Executive Floor
over 2/3 threshold, ignoring calls from FloorButtons until weight is below 2/3*threshold
Giving Priority to Executive Floor
over 2/3 threshold, ignoring calls from FloorButtons until weight is below 2/3*threshold
Giving Priority to Executive Floor
over 2/3 threshold, ignoring calls from FloorButtons until weight is below 2/3*threshold
Giving Priority to Executive Floor
over 2/3 threshold, ignoring calls from FloorButtons until weight is below 2/3*threshold
Giving Priority to Executive Floor
over 2/3 threshold, ignoring calls from FloorButtons until weight is below 2/3*threshold
Giving Priority to Executive Floor
over 2/3 threshold, ignoring calls from FloorButtons until weight is below 2/3*threshold
Giving Priority to Executive Floor
over 2/3 threshold, ignoring calls from FloorButtons until weight is below 2/3*threshold
Giving Priority to Executive Floor
over 2/3 threshold, ignoring calls from FloorButtons until weight is below 2/3*threshold
Giving Priority to Executive Floor
over 2/3 threshold, ignoring calls from FloorButtons until weight is below 2/3*threshold
Giving Priority to Executive Floor
over 2/3 threshold, ignoring calls from FloorButtons until weight is below 2/3*threshold
Giving Priority to Executive Floor
over 2/3 threshold, ignoring calls from FloorButtons until weight is below 2/3*threshold
Giving Priority to Executive Floor
over 2/3 threshold, ignoring calls from FloorButtons until weight is below 2/3*threshold
Giving Priority to Executive Floor
over 2/3 threshold, ignoring calls from FloorButtons until weight is below 2/3*threshold
Giving Priority to Executive Floor
over 2/3 threshold, ignoring calls from FloorButtons until weight is below 2/3*threshold
Giving Priority to Executive Floor
over 2/3 threshold, ignoring calls from FloorButtons until weight is below 2/3*threshold
Giving Priority to Executive Floor
over 2/3 threshold, ignoring calls from FloorButtons until weight is below 2/3*threshold
Giving Priority to Executive Floor
over 2/3 threshold, ignoring calls from FloorButtons until weight is below 2/3*threshold
Giving Priority to Executive Floor
over 2/3 threshold, ignoring calls from FloorButtons until weight is below 2/3*threshold
Giving Priority to Executive Floor
over 2/3 threshold, ignoring calls from FloorButtons until weight is below 2/3*threshold
Giving Priority to Executive Floor
over 2/3 threshold, ignoring calls from FloorButtons until weight is below 2/3*threshold
Giving Priority to Executive Floor
over 2/3 threshold, ignoring calls from FloorButtons until weight is below 2/3*threshold
Giving Priority to Executive Floor
over 2/3 threshold, ignoring calls from FloorButtons until weight is below 2/3*threshold
Giving Priority to Executive Floor
over 2/3 threshold, ignoring calls from FloorButtons until weight is below 2/3*threshold
Giving Priority to Executive Floor
over 2/3 threshold, ignoring calls from FloorButtons until weight is below 2/3*threshold
Giving Priority to Executive Floor
over 2/3 threshold, ignoring calls from FloorButtons until weight is below 2/3*threshold
Giving Priority to Executive Floor
over 2/3 threshold, ignoring calls from FloorButtons until weight is below 2/3*threshold
Giving Priority to Executive Floor
over 2/3 threshold, ignoring calls from FloorButtons until weight is below 2/3*threshold
Giving Priority to Executive Floor
over 2/3 threshold, ignoring calls from FloorButtons until weight is below 2/3*threshold
Giving Priority to Executive Floor
over 2/3 threshold, ignoring calls from FloorButtons until weight is below 2/3*threshold
Giving Priority to Executive Floor
over 2/3 threshold, ignoring calls from FloorButtons until weight is below 2/3*threshold
Giving Priority to Executive Floor
over 2/3 threshold, ignoring calls from FloorButtons until weight is below 2/3*threshold
Giving Priority to Executive Floor
over 2/3 threshold, ignoring calls from FloorButtons until weight is below 2/3*threshold
Giving Priority to Executive Floor
over 2/3 threshold, ignoring calls from FloorButtons until weight is below 2/3*threshold
Giving Priority to Executive Floor
over 2/3 threshold, ignoring calls from FloorButtons until weight is below 2/3*threshold
Giving Priority to Executive Floor
over 2/3 threshold, ignoring calls from FloorButtons until weight is below 2/3*threshold
Giving Priority to Executive Floor
over 2/3 threshold, ignoring calls from FloorButtons until weight is below 2/3*threshold
Giving Priority to Executive Floor
over 2/3 threshold, ignoring calls from FloorButtons until weight is below 2/3*threshold
Giving Priority to Executive Floor
over 2/3 threshold, ignoring calls from FloorButtons until weight is below 2/3*threshold
Giving Priority to Executive Floor
over 2/3 threshold, ignoring calls from FloorButtons until weight is below 2/3*threshold
Giving Priority to Executive Floor
over 2/3 threshold, ignoring calls from FloorButtons until weight is below 2/3*threshold
Giving Priority to Executive Floor
over 2/3 threshold, ignoring calls from FloorButtons until weight is below 2/3*threshold
Giving Priority to Executive Floor
over 2/3 threshold, ignoring calls from FloorButtons until weight is below 2/3*threshold
Giving Priority to Executive Floor
over 2/3 threshold, ignoring calls from FloorButtons until weight is below 2/3*threshold
Giving Priority to Executive Floor
over 2/3 threshold, ignoring calls from FloorButtons until weight is below 2/3*threshold
]]></system-out>
  <system-err><![CDATA[]]></system-err>
</testsuite>
